{"total": {"lines":{"total":17081,"covered":11581,"skipped":0,"pct":67.8},"statements":{"total":19555,"covered":12813,"skipped":0,"pct":65.52},"functions":{"total":3418,"covered":2069,"skipped":0,"pct":60.53},"branches":{"total":20478,"covered":11343,"skipped":0,"pct":55.39},"branchesTrue":{"total":0,"covered":0,"skipped":0,"pct":100}}
,"C:\\Users\\user\\Desktop\\Quikit-Revised\\Quikit-28-05\\QuikIT\\apps\\quikinfra\\app\\api\\approvals\\[id]\\[action]\\route.ts": {"lines":{"total":18,"covered":16,"skipped":0,"pct":88.88},"functions":{"total":1,"covered":1,"skipped":0,"pct":100},"statements":{"total":20,"covered":18,"skipped":0,"pct":90},"branches":{"total":12,"covered":9,"skipped":0,"pct":75}}
,"C:\\Users\\user\\Desktop\\Quikit-Revised\\Quikit-28-05\\QuikIT\\apps\\quikinfra\\app\\api\\approvals\\[id]\\history\\route.ts": {"lines":{"total":2,"covered":2,"skipped":0,"pct":100},"functions":{"total":1,"covered":1,"skipped":0,"pct":100},"statements":{"total":2,"covered":2,"skipped":0,"pct":100},"branches":{"total":0,"covered":0,"skipped":0,"pct":100}}
,"C:\\Users\\user\\Desktop\\Quikit-Revised\\Quikit-28-05\\QuikIT\\apps\\quikinfra\\app\\api\\approvals\\inbox\\route.ts": {"lines":{"total":129,"covered":77,"skipped":0,"pct":59.68},"functions":{"total":47,"covered":18,"skipped":0,"pct":38.29},"statements":{"total":136,"covered":81,"skipped":0,"pct":59.55},"branches":{"total":153,"covered":60,"skipped":0,"pct":39.21}}
,"C:\\Users\\user\\Desktop\\Quikit-Revised\\Quikit-28-05\\QuikIT\\apps\\quikinfra\\app\\api\\approvals\\pending\\route.ts": {"lines":{"total":39,"covered":37,"skipped":0,"pct":94.87},"functions":{"total":10,"covered":9,"skipped":0,"pct":90},"statements":{"total":45,"covered":43,"skipped":0,"pct":95.55},"branches":{"total":41,"covered":27,"skipped":0,"pct":65.85}}
,"C:\\Users\\user\\Desktop\\Quikit-Revised\\Quikit-28-05\\QuikIT\\apps\\quikinfra\\app\\api\\approvals\\requests\\route.ts": {"lines":{"total":16,"covered":16,"skipped":0,"pct":100},"functions":{"total":2,"covered":2,"skipped":0,"pct":100},"statements":{"total":18,"covered":18,"skipped":0,"pct":100},"branches":{"total":12,"covered":10,"skipped":0,"pct":83.33}}
,"C:\\Users\\user\\Desktop\\Quikit-Revised\\Quikit-28-05\\QuikIT\\apps\\quikinfra\\app\\api\\approvals\\requests\\[id]\\route.ts": {"lines":{"total":14,"covered":14,"skipped":0,"pct":100},"functions":{"total":2,"covered":2,"skipped":0,"pct":100},"statements":{"total":18,"covered":18,"skipped":0,"pct":100},"branches":{"total":10,"covered":9,"skipped":0,"pct":90}}
,"C:\\Users\\user\\Desktop\\Quikit-Revised\\Quikit-28-05\\QuikIT\\apps\\quikinfra\\app\\api\\approvals\\rules\\route.ts": {"lines":{"total":9,"covered":9,"skipped":0,"pct":100},"functions":{"total":2,"covered":2,"skipped":0,"pct":100},"statements":{"total":9,"covered":9,"skipped":0,"pct":100},"branches":{"total":2,"covered":1,"skipped":0,"pct":50}}
,"C:\\Users\\user\\Desktop\\Quikit-Revised\\Quikit-28-05\\QuikIT\\apps\\quikinfra\\app\\api\\approvals\\rules\\[id]\\route.ts": {"lines":{"total":4,"covered":4,"skipped":0,"pct":100},"functions":{"total":1,"covered":1,"skipped":0,"pct":100},"statements":{"total":4,"covered":4,"skipped":0,"pct":100},"branches":{"total":0,"covered":0,"skipped":0,"pct":100}}
,"C:\\Users\\user\\Desktop\\Quikit-Revised\\Quikit-28-05\\QuikIT\\apps\\quikinfra\\app\\api\\apps\\switcher\\route.ts": {"lines":{"total":37,"covered":34,"skipped":0,"pct":91.89},"functions":{"total":6,"covered":6,"skipped":0,"pct":100},"statements":{"total":43,"covered":38,"skipped":0,"pct":88.37},"branches":{"total":39,"covered":27,"skipped":0,"pct":69.23}}
,"C:\\Users\\user\\Desktop\\Quikit-Revised\\Quikit-28-05\\QuikIT\\apps\\quikinfra\\app\\api\\audit\\route.ts": {"lines":{"total":8,"covered":8,"skipped":0,"pct":100},"functions":{"total":1,"covered":1,"skipped":0,"pct":100},"statements":{"total":8,"covered":8,"skipped":0,"pct":100},"branches":{"total":14,"covered":14,"skipped":0,"pct":100}}
,"C:\\Users\\user\\Desktop\\Quikit-Revised\\Quikit-28-05\\QuikIT\\apps\\quikinfra\\app\\api\\auth\\[...nextauth]\\route.ts": {"lines":{"total":1,"covered":0,"skipped":0,"pct":0},"functions":{"total":0,"covered":0,"skipped":0,"pct":100},"statements":{"total":1,"covered":0,"skipped":0,"pct":0},"branches":{"total":0,"covered":0,"skipped":0,"pct":100}}
,"C:\\Users\\user\\Desktop\\Quikit-Revised\\Quikit-28-05\\QuikIT\\apps\\quikinfra\\app\\api\\dashboard\\route.ts": {"lines":{"total":44,"covered":44,"skipped":0,"pct":100},"functions":{"total":6,"covered":6,"skipped":0,"pct":100},"statements":{"total":49,"covered":49,"skipped":0,"pct":100},"branches":{"total":55,"covered":36,"skipped":0,"pct":65.45}}
,"C:\\Users\\user\\Desktop\\Quikit-Revised\\Quikit-28-05\\QuikIT\\apps\\quikinfra\\app\\api\\debug\\mail-test\\route.ts": {"lines":{"total":8,"covered":8,"skipped":0,"pct":100},"functions":{"total":1,"covered":1,"skipped":0,"pct":100},"statements":{"total":8,"covered":8,"skipped":0,"pct":100},"branches":{"total":4,"covered":3,"skipped":0,"pct":75}}
,"C:\\Users\\user\\Desktop\\Quikit-Revised\\Quikit-28-05\\QuikIT\\apps\\quikinfra\\app\\api\\documents\\route.ts": {"lines":{"total":18,"covered":17,"skipped":0,"pct":94.44},"functions":{"total":2,"covered":2,"skipped":0,"pct":100},"statements":{"total":20,"covered":19,"skipped":0,"pct":95},"branches":{"total":20,"covered":18,"skipped":0,"pct":90}}
,"C:\\Users\\user\\Desktop\\Quikit-Revised\\Quikit-28-05\\QuikIT\\apps\\quikinfra\\app\\api\\documents\\[id]\\route.ts": {"lines":{"total":7,"covered":7,"skipped":0,"pct":100},"functions":{"total":1,"covered":1,"skipped":0,"pct":100},"statements":{"total":8,"covered":8,"skipped":0,"pct":100},"branches":{"total":2,"covered":2,"skipped":0,"pct":100}}
,"C:\\Users\\user\\Desktop\\Quikit-Revised\\Quikit-28-05\\QuikIT\\apps\\quikinfra\\app\\api\\documents\\[id]\\download\\route.ts": {"lines":{"total":9,"covered":8,"skipped":0,"pct":88.88},"functions":{"total":1,"covered":1,"skipped":0,"pct":100},"statements":{"total":10,"covered":9,"skipped":0,"pct":90},"branches":{"total":4,"covered":2,"skipped":0,"pct":50}}
,"C:\\Users\\user\\Desktop\\Quikit-Revised\\Quikit-28-05\\QuikIT\\apps\\quikinfra\\app\\api\\estimations\\route.ts": {"lines":{"total":18,"covered":13,"skipped":0,"pct":72.22},"functions":{"total":5,"covered":4,"skipped":0,"pct":80},"statements":{"total":18,"covered":13,"skipped":0,"pct":72.22},"branches":{"total":22,"covered":16,"skipped":0,"pct":72.72}}
,"C:\\Users\\user\\Desktop\\Quikit-Revised\\Quikit-28-05\\QuikIT\\apps\\quikinfra\\app\\api\\estimations\\[id]\\route.ts": {"lines":{"total":62,"covered":49,"skipped":0,"pct":79.03},"functions":{"total":7,"covered":4,"skipped":0,"pct":57.14},"statements":{"total":70,"covered":51,"skipped":0,"pct":72.85},"branches":{"total":70,"covered":35,"skipped":0,"pct":50}}
,"C:\\Users\\user\\Desktop\\Quikit-Revised\\Quikit-28-05\\QuikIT\\apps\\quikinfra\\app\\api\\estimations\\[id]\\approve\\route.ts": {"lines":{"total":27,"covered":24,"skipped":0,"pct":88.88},"functions":{"total":2,"covered":2,"skipped":0,"pct":100},"statements":{"total":29,"covered":25,"skipped":0,"pct":86.2},"branches":{"total":24,"covered":17,"skipped":0,"pct":70.83}}
,"C:\\Users\\user\\Desktop\\Quikit-Revised\\Quikit-28-05\\QuikIT\\apps\\quikinfra\\app\\api\\estimations\\[id]\\submit\\route.ts": {"lines":{"total":21,"covered":20,"skipped":0,"pct":95.23},"functions":{"total":1,"covered":1,"skipped":0,"pct":100},"statements":{"total":22,"covered":20,"skipped":0,"pct":90.9},"branches":{"total":22,"covered":15,"skipped":0,"pct":68.18}}
,"C:\\Users\\user\\Desktop\\Quikit-Revised\\Quikit-28-05\\QuikIT\\apps\\quikinfra\\app\\api\\files\\local-download\\route.ts": {"lines":{"total":18,"covered":18,"skipped":0,"pct":100},"functions":{"total":1,"covered":1,"skipped":0,"pct":100},"statements":{"total":18,"covered":18,"skipped":0,"pct":100},"branches":{"total":8,"covered":8,"skipped":0,"pct":100}}
,"C:\\Users\\user\\Desktop\\Quikit-Revised\\Quikit-28-05\\QuikIT\\apps\\quikinfra\\app\\api\\files\\local-upload\\route.ts": {"lines":{"total":15,"covered":15,"skipped":0,"pct":100},"functions":{"total":1,"covered":1,"skipped":0,"pct":100},"statements":{"total":15,"covered":15,"skipped":0,"pct":100},"branches":{"total":10,"covered":10,"skipped":0,"pct":100}}
,"C:\\Users\\user\\Desktop\\Quikit-Revised\\Quikit-28-05\\QuikIT\\apps\\quikinfra\\app\\api\\geo\\opencage\\route.ts": {"lines":{"total":75,"covered":66,"skipped":0,"pct":88},"functions":{"total":6,"covered":4,"skipped":0,"pct":66.66},"statements":{"total":78,"covered":66,"skipped":0,"pct":84.61},"branches":{"total":60,"covered":40,"skipped":0,"pct":66.66}}
,"C:\\Users\\user\\Desktop\\Quikit-Revised\\Quikit-28-05\\QuikIT\\apps\\quikinfra\\app\\api\\health\\route.ts": {"lines":{"total":1,"covered":1,"skipped":0,"pct":100},"functions":{"total":1,"covered":1,"skipped":0,"pct":100},"statements":{"total":1,"covered":1,"skipped":0,"pct":100},"branches":{"total":3,"covered":2,"skipped":0,"pct":66.66}}
,"C:\\Users\\user\\Desktop\\Quikit-Revised\\Quikit-28-05\\QuikIT\\apps\\quikinfra\\app\\api\\history\\route.ts": {"lines":{"total":11,"covered":11,"skipped":0,"pct":100},"functions":{"total":2,"covered":2,"skipped":0,"pct":100},"statements":{"total":11,"covered":11,"skipped":0,"pct":100},"branches":{"total":6,"covered":6,"skipped":0,"pct":100}}
,"C:\\Users\\user\\Desktop\\Quikit-Revised\\Quikit-28-05\\QuikIT\\apps\\quikinfra\\app\\api\\integrations\\whitebooks\\config\\route.ts": {"lines":{"total":3,"covered":3,"skipped":0,"pct":100},"functions":{"total":1,"covered":1,"skipped":0,"pct":100},"statements":{"total":4,"covered":4,"skipped":0,"pct":100},"branches":{"total":2,"covered":2,"skipped":0,"pct":100}}
,"C:\\Users\\user\\Desktop\\Quikit-Revised\\Quikit-28-05\\QuikIT\\apps\\quikinfra\\app\\api\\integrations\\whitebooks\\vendor-gst\\route.ts": {"lines":{"total":25,"covered":22,"skipped":0,"pct":88},"functions":{"total":1,"covered":1,"skipped":0,"pct":100},"statements":{"total":26,"covered":23,"skipped":0,"pct":88.46},"branches":{"total":16,"covered":15,"skipped":0,"pct":93.75}}
,"C:\\Users\\user\\Desktop\\Quikit-Revised\\Quikit-28-05\\QuikIT\\apps\\quikinfra\\app\\api\\internal\\provision-roles\\route.ts": {"lines":{"total":26,"covered":26,"skipped":0,"pct":100},"functions":{"total":2,"covered":2,"skipped":0,"pct":100},"statements":{"total":26,"covered":26,"skipped":0,"pct":100},"branches":{"total":19,"covered":18,"skipped":0,"pct":94.73}}
,"C:\\Users\\user\\Desktop\\Quikit-Revised\\Quikit-28-05\\QuikIT\\apps\\quikinfra\\app\\api\\masters\\[entity]\\route.ts": {"lines":{"total":6,"covered":6,"skipped":0,"pct":100},"functions":{"total":3,"covered":3,"skipped":0,"pct":100},"statements":{"total":6,"covered":6,"skipped":0,"pct":100},"branches":{"total":2,"covered":2,"skipped":0,"pct":100}}
,"C:\\Users\\user\\Desktop\\Quikit-Revised\\Quikit-28-05\\QuikIT\\apps\\quikinfra\\app\\api\\masters\\[entity]\\[id]\\route.ts": {"lines":{"total":8,"covered":0,"skipped":0,"pct":0},"functions":{"total":5,"covered":0,"skipped":0,"pct":0},"statements":{"total":8,"covered":0,"skipped":0,"pct":0},"branches":{"total":2,"covered":0,"skipped":0,"pct":0}}
,"C:\\Users\\user\\Desktop\\Quikit-Revised\\Quikit-28-05\\QuikIT\\apps\\quikinfra\\app\\api\\masters\\assets\\route.ts": {"lines":{"total":26,"covered":24,"skipped":0,"pct":92.3},"functions":{"total":4,"covered":4,"skipped":0,"pct":100},"statements":{"total":29,"covered":27,"skipped":0,"pct":93.1},"branches":{"total":22,"covered":19,"skipped":0,"pct":86.36}}
,"C:\\Users\\user\\Desktop\\Quikit-Revised\\Quikit-28-05\\QuikIT\\apps\\quikinfra\\app\\api\\masters\\assets\\[id]\\route.ts": {"lines":{"total":31,"covered":24,"skipped":0,"pct":77.41},"functions":{"total":5,"covered":4,"skipped":0,"pct":80},"statements":{"total":37,"covered":30,"skipped":0,"pct":81.08},"branches":{"total":22,"covered":15,"skipped":0,"pct":68.18}}
,"C:\\Users\\user\\Desktop\\Quikit-Revised\\Quikit-28-05\\QuikIT\\apps\\quikinfra\\app\\api\\masters\\banks\\route.ts": {"lines":{"total":12,"covered":12,"skipped":0,"pct":100},"functions":{"total":8,"covered":7,"skipped":0,"pct":87.5},"statements":{"total":14,"covered":13,"skipped":0,"pct":92.85},"branches":{"total":12,"covered":9,"skipped":0,"pct":75}}
,"C:\\Users\\user\\Desktop\\Quikit-Revised\\Quikit-28-05\\QuikIT\\apps\\quikinfra\\app\\api\\masters\\banks\\[id]\\route.ts": {"lines":{"total":28,"covered":0,"skipped":0,"pct":0},"functions":{"total":5,"covered":0,"skipped":0,"pct":0},"statements":{"total":34,"covered":0,"skipped":0,"pct":0},"branches":{"total":20,"covered":0,"skipped":0,"pct":0}}
,"C:\\Users\\user\\Desktop\\Quikit-Revised\\Quikit-28-05\\QuikIT\\apps\\quikinfra\\app\\api\\masters\\companies\\route.ts": {"lines":{"total":11,"covered":11,"skipped":0,"pct":100},"functions":{"total":7,"covered":6,"skipped":0,"pct":85.71},"statements":{"total":12,"covered":11,"skipped":0,"pct":91.66},"branches":{"total":10,"covered":9,"skipped":0,"pct":90}}
,"C:\\Users\\user\\Desktop\\Quikit-Revised\\Quikit-28-05\\QuikIT\\apps\\quikinfra\\app\\api\\masters\\companies\\[id]\\route.ts": {"lines":{"total":28,"covered":0,"skipped":0,"pct":0},"functions":{"total":5,"covered":0,"skipped":0,"pct":0},"statements":{"total":34,"covered":0,"skipped":0,"pct":0},"branches":{"total":20,"covered":0,"skipped":0,"pct":0}}
,"C:\\Users\\user\\Desktop\\Quikit-Revised\\Quikit-28-05\\QuikIT\\apps\\quikinfra\\app\\api\\masters\\contractors\\route.ts": {"lines":{"total":41,"covered":35,"skipped":0,"pct":85.36},"functions":{"total":4,"covered":4,"skipped":0,"pct":100},"statements":{"total":49,"covered":41,"skipped":0,"pct":83.67},"branches":{"total":47,"covered":35,"skipped":0,"pct":74.46}}
,"C:\\Users\\user\\Desktop\\Quikit-Revised\\Quikit-28-05\\QuikIT\\apps\\quikinfra\\app\\api\\masters\\contractors\\[id]\\route.ts": {"lines":{"total":47,"covered":32,"skipped":0,"pct":68.08},"functions":{"total":5,"covered":4,"skipped":0,"pct":80},"statements":{"total":58,"covered":39,"skipped":0,"pct":67.24},"branches":{"total":54,"covered":27,"skipped":0,"pct":50}}
,"C:\\Users\\user\\Desktop\\Quikit-Revised\\Quikit-28-05\\QuikIT\\apps\\quikinfra\\app\\api\\masters\\cost-centers\\route.ts": {"lines":{"total":26,"covered":24,"skipped":0,"pct":92.3},"functions":{"total":4,"covered":4,"skipped":0,"pct":100},"statements":{"total":29,"covered":27,"skipped":0,"pct":93.1},"branches":{"total":22,"covered":19,"skipped":0,"pct":86.36}}
,"C:\\Users\\user\\Desktop\\Quikit-Revised\\Quikit-28-05\\QuikIT\\apps\\quikinfra\\app\\api\\masters\\cost-centers\\[id]\\route.ts": {"lines":{"total":31,"covered":24,"skipped":0,"pct":77.41},"functions":{"total":5,"covered":4,"skipped":0,"pct":80},"statements":{"total":37,"covered":30,"skipped":0,"pct":81.08},"branches":{"total":22,"covered":15,"skipped":0,"pct":68.18}}
,"C:\\Users\\user\\Desktop\\Quikit-Revised\\Quikit-28-05\\QuikIT\\apps\\quikinfra\\app\\api\\masters\\customers\\route.ts": {"lines":{"total":24,"covered":22,"skipped":0,"pct":91.66},"functions":{"total":4,"covered":4,"skipped":0,"pct":100},"statements":{"total":27,"covered":25,"skipped":0,"pct":92.59},"branches":{"total":18,"covered":15,"skipped":0,"pct":83.33}}
,"C:\\Users\\user\\Desktop\\Quikit-Revised\\Quikit-28-05\\QuikIT\\apps\\quikinfra\\app\\api\\masters\\customers\\[id]\\route.ts": {"lines":{"total":31,"covered":24,"skipped":0,"pct":77.41},"functions":{"total":5,"covered":4,"skipped":0,"pct":80},"statements":{"total":37,"covered":30,"skipped":0,"pct":81.08},"branches":{"total":22,"covered":15,"skipped":0,"pct":68.18}}
,"C:\\Users\\user\\Desktop\\Quikit-Revised\\Quikit-28-05\\QuikIT\\apps\\quikinfra\\app\\api\\masters\\departments\\route.ts": {"lines":{"total":26,"covered":24,"skipped":0,"pct":92.3},"functions":{"total":4,"covered":4,"skipped":0,"pct":100},"statements":{"total":29,"covered":27,"skipped":0,"pct":93.1},"branches":{"total":22,"covered":19,"skipped":0,"pct":86.36}}
,"C:\\Users\\user\\Desktop\\Quikit-Revised\\Quikit-28-05\\QuikIT\\apps\\quikinfra\\app\\api\\masters\\departments\\[id]\\route.ts": {"lines":{"total":30,"covered":24,"skipped":0,"pct":80},"functions":{"total":5,"covered":4,"skipped":0,"pct":80},"statements":{"total":36,"covered":30,"skipped":0,"pct":83.33},"branches":{"total":22,"covered":16,"skipped":0,"pct":72.72}}
,"C:\\Users\\user\\Desktop\\Quikit-Revised\\Quikit-28-05\\QuikIT\\apps\\quikinfra\\app\\api\\masters\\financial-years\\route.ts": {"lines":{"total":28,"covered":24,"skipped":0,"pct":85.71},"functions":{"total":4,"covered":4,"skipped":0,"pct":100},"statements":{"total":31,"covered":27,"skipped":0,"pct":87.09},"branches":{"total":22,"covered":17,"skipped":0,"pct":77.27}}
,"C:\\Users\\user\\Desktop\\Quikit-Revised\\Quikit-28-05\\QuikIT\\apps\\quikinfra\\app\\api\\masters\\financial-years\\[id]\\route.ts": {"lines":{"total":28,"covered":21,"skipped":0,"pct":75},"functions":{"total":5,"covered":4,"skipped":0,"pct":80},"statements":{"total":34,"covered":27,"skipped":0,"pct":79.41},"branches":{"total":20,"covered":13,"skipped":0,"pct":65}}
,"C:\\Users\\user\\Desktop\\Quikit-Revised\\Quikit-28-05\\QuikIT\\apps\\quikinfra\\app\\api\\masters\\gst\\route.ts": {"lines":{"total":28,"covered":26,"skipped":0,"pct":92.85},"functions":{"total":4,"covered":4,"skipped":0,"pct":100},"statements":{"total":31,"covered":29,"skipped":0,"pct":93.54},"branches":{"total":27,"covered":24,"skipped":0,"pct":88.88}}
,"C:\\Users\\user\\Desktop\\Quikit-Revised\\Quikit-28-05\\QuikIT\\apps\\quikinfra\\app\\api\\masters\\gst\\[id]\\route.ts": {"lines":{"total":30,"covered":24,"skipped":0,"pct":80},"functions":{"total":5,"covered":4,"skipped":0,"pct":80},"statements":{"total":36,"covered":30,"skipped":0,"pct":83.33},"branches":{"total":22,"covered":16,"skipped":0,"pct":72.72}}
,"C:\\Users\\user\\Desktop\\Quikit-Revised\\Quikit-28-05\\QuikIT\\apps\\quikinfra\\app\\api\\masters\\item-groups\\route.ts": {"lines":{"total":22,"covered":20,"skipped":0,"pct":90.9},"functions":{"total":4,"covered":4,"skipped":0,"pct":100},"statements":{"total":24,"covered":22,"skipped":0,"pct":91.66},"branches":{"total":16,"covered":14,"skipped":0,"pct":87.5}}
,"C:\\Users\\user\\Desktop\\Quikit-Revised\\Quikit-28-05\\QuikIT\\apps\\quikinfra\\app\\api\\masters\\item-groups\\[id]\\route.ts": {"lines":{"total":29,"covered":25,"skipped":0,"pct":86.2},"functions":{"total":5,"covered":4,"skipped":0,"pct":80},"statements":{"total":35,"covered":31,"skipped":0,"pct":88.57},"branches":{"total":20,"covered":16,"skipped":0,"pct":80}}
,"C:\\Users\\user\\Desktop\\Quikit-Revised\\Quikit-28-05\\QuikIT\\apps\\quikinfra\\app\\api\\masters\\items\\route.ts": {"lines":{"total":11,"covered":11,"skipped":0,"pct":100},"functions":{"total":7,"covered":6,"skipped":0,"pct":85.71},"statements":{"total":13,"covered":12,"skipped":0,"pct":92.3},"branches":{"total":14,"covered":11,"skipped":0,"pct":78.57}}
,"C:\\Users\\user\\Desktop\\Quikit-Revised\\Quikit-28-05\\QuikIT\\apps\\quikinfra\\app\\api\\masters\\items\\[id]\\route.ts": {"lines":{"total":30,"covered":0,"skipped":0,"pct":0},"functions":{"total":5,"covered":0,"skipped":0,"pct":0},"statements":{"total":36,"covered":0,"skipped":0,"pct":0},"branches":{"total":22,"covered":0,"skipped":0,"pct":0}}
,"C:\\Users\\user\\Desktop\\Quikit-Revised\\Quikit-28-05\\QuikIT\\apps\\quikinfra\\app\\api\\masters\\locations\\route.ts": {"lines":{"total":27,"covered":25,"skipped":0,"pct":92.59},"functions":{"total":4,"covered":4,"skipped":0,"pct":100},"statements":{"total":30,"covered":28,"skipped":0,"pct":93.33},"branches":{"total":32,"covered":26,"skipped":0,"pct":81.25}}
,"C:\\Users\\user\\Desktop\\Quikit-Revised\\Quikit-28-05\\QuikIT\\apps\\quikinfra\\app\\api\\masters\\locations\\[id]\\route.ts": {"lines":{"total":31,"covered":24,"skipped":0,"pct":77.41},"functions":{"total":5,"covered":4,"skipped":0,"pct":80},"statements":{"total":37,"covered":30,"skipped":0,"pct":81.08},"branches":{"total":22,"covered":15,"skipped":0,"pct":68.18}}
,"C:\\Users\\user\\Desktop\\Quikit-Revised\\Quikit-28-05\\QuikIT\\apps\\quikinfra\\app\\api\\masters\\machinery\\route.ts": {"lines":{"total":26,"covered":24,"skipped":0,"pct":92.3},"functions":{"total":4,"covered":4,"skipped":0,"pct":100},"statements":{"total":29,"covered":27,"skipped":0,"pct":93.1},"branches":{"total":22,"covered":19,"skipped":0,"pct":86.36}}
,"C:\\Users\\user\\Desktop\\Quikit-Revised\\Quikit-28-05\\QuikIT\\apps\\quikinfra\\app\\api\\masters\\machinery\\[id]\\route.ts": {"lines":{"total":31,"covered":24,"skipped":0,"pct":77.41},"functions":{"total":5,"covered":4,"skipped":0,"pct":80},"statements":{"total":37,"covered":30,"skipped":0,"pct":81.08},"branches":{"total":22,"covered":15,"skipped":0,"pct":68.18}}
,"C:\\Users\\user\\Desktop\\Quikit-Revised\\Quikit-28-05\\QuikIT\\apps\\quikinfra\\app\\api\\masters\\projects\\route.ts": {"lines":{"total":30,"covered":26,"skipped":0,"pct":86.66},"functions":{"total":4,"covered":4,"skipped":0,"pct":100},"statements":{"total":34,"covered":30,"skipped":0,"pct":88.23},"branches":{"total":24,"covered":19,"skipped":0,"pct":79.16}}
,"C:\\Users\\user\\Desktop\\Quikit-Revised\\Quikit-28-05\\QuikIT\\apps\\quikinfra\\app\\api\\masters\\projects\\[id]\\route.ts": {"lines":{"total":40,"covered":28,"skipped":0,"pct":70},"functions":{"total":6,"covered":5,"skipped":0,"pct":83.33},"statements":{"total":46,"covered":34,"skipped":0,"pct":73.91},"branches":{"total":32,"covered":19,"skipped":0,"pct":59.37}}
,"C:\\Users\\user\\Desktop\\Quikit-Revised\\Quikit-28-05\\QuikIT\\apps\\quikinfra\\app\\api\\masters\\summary\\route.ts": {"lines":{"total":18,"covered":18,"skipped":0,"pct":100},"functions":{"total":4,"covered":4,"skipped":0,"pct":100},"statements":{"total":20,"covered":19,"skipped":0,"pct":95},"branches":{"total":4,"covered":3,"skipped":0,"pct":75}}
,"C:\\Users\\user\\Desktop\\Quikit-Revised\\Quikit-28-05\\QuikIT\\apps\\quikinfra\\app\\api\\masters\\tds\\route.ts": {"lines":{"total":26,"covered":24,"skipped":0,"pct":92.3},"functions":{"total":4,"covered":4,"skipped":0,"pct":100},"statements":{"total":29,"covered":27,"skipped":0,"pct":93.1},"branches":{"total":25,"covered":23,"skipped":0,"pct":92}}
,"C:\\Users\\user\\Desktop\\Quikit-Revised\\Quikit-28-05\\QuikIT\\apps\\quikinfra\\app\\api\\masters\\tds\\[id]\\route.ts": {"lines":{"total":28,"covered":24,"skipped":0,"pct":85.71},"functions":{"total":5,"covered":4,"skipped":0,"pct":80},"statements":{"total":34,"covered":30,"skipped":0,"pct":88.23},"branches":{"total":20,"covered":16,"skipped":0,"pct":80}}
,"C:\\Users\\user\\Desktop\\Quikit-Revised\\Quikit-28-05\\QuikIT\\apps\\quikinfra\\app\\api\\masters\\terms\\route.ts": {"lines":{"total":37,"covered":34,"skipped":0,"pct":91.89},"functions":{"total":4,"covered":4,"skipped":0,"pct":100},"statements":{"total":40,"covered":37,"skipped":0,"pct":92.5},"branches":{"total":30,"covered":25,"skipped":0,"pct":83.33}}
,"C:\\Users\\user\\Desktop\\Quikit-Revised\\Quikit-28-05\\QuikIT\\apps\\quikinfra\\app\\api\\masters\\terms\\[id]\\route.ts": {"lines":{"total":28,"covered":24,"skipped":0,"pct":85.71},"functions":{"total":5,"covered":4,"skipped":0,"pct":80},"statements":{"total":34,"covered":30,"skipped":0,"pct":88.23},"branches":{"total":20,"covered":16,"skipped":0,"pct":80}}
,"C:\\Users\\user\\Desktop\\Quikit-Revised\\Quikit-28-05\\QuikIT\\apps\\quikinfra\\app\\api\\masters\\uom\\route.ts": {"lines":{"total":26,"covered":24,"skipped":0,"pct":92.3},"functions":{"total":4,"covered":4,"skipped":0,"pct":100},"statements":{"total":29,"covered":27,"skipped":0,"pct":93.1},"branches":{"total":22,"covered":19,"skipped":0,"pct":86.36}}
,"C:\\Users\\user\\Desktop\\Quikit-Revised\\Quikit-28-05\\QuikIT\\apps\\quikinfra\\app\\api\\masters\\uom\\[id]\\route.ts": {"lines":{"total":30,"covered":25,"skipped":0,"pct":83.33},"functions":{"total":5,"covered":4,"skipped":0,"pct":80},"statements":{"total":36,"covered":30,"skipped":0,"pct":83.33},"branches":{"total":22,"covered":16,"skipped":0,"pct":72.72}}
,"C:\\Users\\user\\Desktop\\Quikit-Revised\\Quikit-28-05\\QuikIT\\apps\\quikinfra\\app\\api\\masters\\vendors\\route.ts": {"lines":{"total":53,"covered":46,"skipped":0,"pct":86.79},"functions":{"total":4,"covered":4,"skipped":0,"pct":100},"statements":{"total":56,"covered":49,"skipped":0,"pct":87.5},"branches":{"total":71,"covered":56,"skipped":0,"pct":78.87}}
,"C:\\Users\\user\\Desktop\\Quikit-Revised\\Quikit-28-05\\QuikIT\\apps\\quikinfra\\app\\api\\masters\\vendors\\[id]\\route.ts": {"lines":{"total":57,"covered":35,"skipped":0,"pct":61.4},"functions":{"total":5,"covered":4,"skipped":0,"pct":80},"statements":{"total":68,"covered":42,"skipped":0,"pct":61.76},"branches":{"total":84,"covered":43,"skipped":0,"pct":51.19}}
,"C:\\Users\\user\\Desktop\\Quikit-Revised\\Quikit-28-05\\QuikIT\\apps\\quikinfra\\app\\api\\masters\\work-categories\\route.ts": {"lines":{"total":22,"covered":20,"skipped":0,"pct":90.9},"functions":{"total":4,"covered":4,"skipped":0,"pct":100},"statements":{"total":25,"covered":23,"skipped":0,"pct":92},"branches":{"total":16,"covered":14,"skipped":0,"pct":87.5}}
,"C:\\Users\\user\\Desktop\\Quikit-Revised\\Quikit-28-05\\QuikIT\\apps\\quikinfra\\app\\api\\masters\\work-categories\\[id]\\route.ts": {"lines":{"total":28,"covered":25,"skipped":0,"pct":89.28},"functions":{"total":5,"covered":4,"skipped":0,"pct":80},"statements":{"total":34,"covered":30,"skipped":0,"pct":88.23},"branches":{"total":20,"covered":16,"skipped":0,"pct":80}}
,"C:\\Users\\user\\Desktop\\Quikit-Revised\\Quikit-28-05\\QuikIT\\apps\\quikinfra\\app\\api\\me\\route.ts": {"lines":{"total":5,"covered":5,"skipped":0,"pct":100},"functions":{"total":1,"covered":1,"skipped":0,"pct":100},"statements":{"total":6,"covered":6,"skipped":0,"pct":100},"branches":{"total":8,"covered":8,"skipped":0,"pct":100}}
,"C:\\Users\\user\\Desktop\\Quikit-Revised\\Quikit-28-05\\QuikIT\\apps\\quikinfra\\app\\api\\me\\permissions\\route.ts": {"lines":{"total":5,"covered":5,"skipped":0,"pct":100},"functions":{"total":1,"covered":1,"skipped":0,"pct":100},"statements":{"total":5,"covered":5,"skipped":0,"pct":100},"branches":{"total":0,"covered":0,"skipped":0,"pct":100}}
,"C:\\Users\\user\\Desktop\\Quikit-Revised\\Quikit-28-05\\QuikIT\\apps\\quikinfra\\app\\api\\org\\roles\\route.ts": {"lines":{"total":30,"covered":25,"skipped":0,"pct":83.33},"functions":{"total":3,"covered":3,"skipped":0,"pct":100},"statements":{"total":33,"covered":28,"skipped":0,"pct":84.84},"branches":{"total":22,"covered":14,"skipped":0,"pct":63.63}}
,"C:\\Users\\user\\Desktop\\Quikit-Revised\\Quikit-28-05\\QuikIT\\apps\\quikinfra\\app\\api\\org\\roles\\[id]\\route.ts": {"lines":{"total":48,"covered":40,"skipped":0,"pct":83.33},"functions":{"total":3,"covered":3,"skipped":0,"pct":100},"statements":{"total":51,"covered":43,"skipped":0,"pct":84.31},"branches":{"total":40,"covered":23,"skipped":0,"pct":57.5}}
,"C:\\Users\\user\\Desktop\\Quikit-Revised\\Quikit-28-05\\QuikIT\\apps\\quikinfra\\app\\api\\org\\roles\\[id]\\permissions\\route.ts": {"lines":{"total":36,"covered":31,"skipped":0,"pct":86.11},"functions":{"total":3,"covered":3,"skipped":0,"pct":100},"statements":{"total":38,"covered":33,"skipped":0,"pct":86.84},"branches":{"total":24,"covered":19,"skipped":0,"pct":79.16}}
,"C:\\Users\\user\\Desktop\\Quikit-Revised\\Quikit-28-05\\QuikIT\\apps\\quikinfra\\app\\api\\org\\users\\[id]\\role\\route.ts": {"lines":{"total":27,"covered":26,"skipped":0,"pct":96.29},"functions":{"total":2,"covered":2,"skipped":0,"pct":100},"statements":{"total":28,"covered":27,"skipped":0,"pct":96.42},"branches":{"total":16,"covered":13,"skipped":0,"pct":81.25}}
,"C:\\Users\\user\\Desktop\\Quikit-Revised\\Quikit-28-05\\QuikIT\\apps\\quikinfra\\app\\api\\projects\\[projectId]\\boq\\route.ts": {"lines":{"total":43,"covered":36,"skipped":0,"pct":83.72},"functions":{"total":4,"covered":4,"skipped":0,"pct":100},"statements":{"total":46,"covered":37,"skipped":0,"pct":80.43},"branches":{"total":83,"covered":64,"skipped":0,"pct":77.1}}
,"C:\\Users\\user\\Desktop\\Quikit-Revised\\Quikit-28-05\\QuikIT\\apps\\quikinfra\\app\\api\\projects\\[projectId]\\boq\\[itemId]\\route.ts": {"lines":{"total":42,"covered":37,"skipped":0,"pct":88.09},"functions":{"total":3,"covered":3,"skipped":0,"pct":100},"statements":{"total":47,"covered":38,"skipped":0,"pct":80.85},"branches":{"total":69,"covered":42,"skipped":0,"pct":60.86}}
,"C:\\Users\\user\\Desktop\\Quikit-Revised\\Quikit-28-05\\QuikIT\\apps\\quikinfra\\app\\api\\projects\\[projectId]\\boq\\detect-columns\\route.ts": {"lines":{"total":25,"covered":21,"skipped":0,"pct":84},"functions":{"total":3,"covered":3,"skipped":0,"pct":100},"statements":{"total":27,"covered":21,"skipped":0,"pct":77.77},"branches":{"total":8,"covered":5,"skipped":0,"pct":62.5}}
,"C:\\Users\\user\\Desktop\\Quikit-Revised\\Quikit-28-05\\QuikIT\\apps\\quikinfra\\app\\api\\projects\\[projectId]\\boq\\import\\route.ts": {"lines":{"total":47,"covered":22,"skipped":0,"pct":46.8},"functions":{"total":2,"covered":1,"skipped":0,"pct":50},"statements":{"total":49,"covered":22,"skipped":0,"pct":44.89},"branches":{"total":85,"covered":27,"skipped":0,"pct":31.76}}
,"C:\\Users\\user\\Desktop\\Quikit-Revised\\Quikit-28-05\\QuikIT\\apps\\quikinfra\\app\\api\\projects\\[projectId]\\boq\\lock\\route.ts": {"lines":{"total":12,"covered":10,"skipped":0,"pct":83.33},"functions":{"total":1,"covered":1,"skipped":0,"pct":100},"statements":{"total":12,"covered":10,"skipped":0,"pct":83.33},"branches":{"total":6,"covered":2,"skipped":0,"pct":33.33}}
,"C:\\Users\\user\\Desktop\\Quikit-Revised\\Quikit-28-05\\QuikIT\\apps\\quikinfra\\app\\api\\projects\\[projectId]\\boq\\preview-upload\\route.ts": {"lines":{"total":43,"covered":31,"skipped":0,"pct":72.09},"functions":{"total":2,"covered":2,"skipped":0,"pct":100},"statements":{"total":44,"covered":31,"skipped":0,"pct":70.45},"branches":{"total":28,"covered":17,"skipped":0,"pct":60.71}}
,"C:\\Users\\user\\Desktop\\Quikit-Revised\\Quikit-28-05\\QuikIT\\apps\\quikinfra\\app\\api\\projects\\[projectId]\\boq\\template-download\\route.ts": {"lines":{"total":18,"covered":14,"skipped":0,"pct":77.77},"functions":{"total":1,"covered":1,"skipped":0,"pct":100},"statements":{"total":18,"covered":14,"skipped":0,"pct":77.77},"branches":{"total":4,"covered":3,"skipped":0,"pct":75}}
,"C:\\Users\\user\\Desktop\\Quikit-Revised\\Quikit-28-05\\QuikIT\\apps\\quikinfra\\app\\api\\projects\\[projectId]\\boq\\unlock\\route.ts": {"lines":{"total":12,"covered":7,"skipped":0,"pct":58.33},"functions":{"total":1,"covered":1,"skipped":0,"pct":100},"statements":{"total":12,"covered":7,"skipped":0,"pct":58.33},"branches":{"total":6,"covered":1,"skipped":0,"pct":16.66}}
,"C:\\Users\\user\\Desktop\\Quikit-Revised\\Quikit-28-05\\QuikIT\\apps\\quikinfra\\app\\api\\projects\\[projectId]\\estimations\\route.ts": {"lines":{"total":23,"covered":22,"skipped":0,"pct":95.65},"functions":{"total":2,"covered":2,"skipped":0,"pct":100},"statements":{"total":25,"covered":24,"skipped":0,"pct":96},"branches":{"total":28,"covered":27,"skipped":0,"pct":96.42}}
,"C:\\Users\\user\\Desktop\\Quikit-Revised\\Quikit-28-05\\QuikIT\\apps\\quikinfra\\app\\api\\projects\\[projectId]\\rab\\summary\\route.ts": {"lines":{"total":12,"covered":12,"skipped":0,"pct":100},"functions":{"total":2,"covered":2,"skipped":0,"pct":100},"statements":{"total":14,"covered":14,"skipped":0,"pct":100},"branches":{"total":16,"covered":11,"skipped":0,"pct":68.75}}
,"C:\\Users\\user\\Desktop\\Quikit-Revised\\Quikit-28-05\\QuikIT\\apps\\quikinfra\\app\\api\\projects\\[projectId]\\wbs\\tasks\\route.ts": {"lines":{"total":29,"covered":26,"skipped":0,"pct":89.65},"functions":{"total":8,"covered":5,"skipped":0,"pct":62.5},"statements":{"total":33,"covered":27,"skipped":0,"pct":81.81},"branches":{"total":22,"covered":13,"skipped":0,"pct":59.09}}
,"C:\\Users\\user\\Desktop\\Quikit-Revised\\Quikit-28-05\\QuikIT\\apps\\quikinfra\\app\\api\\projects\\[projectId]\\wbs\\tasks\\[id]\\route.ts": {"lines":{"total":20,"covered":18,"skipped":0,"pct":90},"functions":{"total":4,"covered":3,"skipped":0,"pct":75},"statements":{"total":23,"covered":18,"skipped":0,"pct":78.26},"branches":{"total":8,"covered":3,"skipped":0,"pct":37.5}}
,"C:\\Users\\user\\Desktop\\Quikit-Revised\\Quikit-28-05\\QuikIT\\apps\\quikinfra\\app\\api\\projects\\documents\\route.ts": {"lines":{"total":37,"covered":34,"skipped":0,"pct":91.89},"functions":{"total":3,"covered":3,"skipped":0,"pct":100},"statements":{"total":39,"covered":36,"skipped":0,"pct":92.3},"branches":{"total":62,"covered":53,"skipped":0,"pct":85.48}}
,"C:\\Users\\user\\Desktop\\Quikit-Revised\\Quikit-28-05\\QuikIT\\apps\\quikinfra\\app\\api\\projects\\dpr\\route.ts": {"lines":{"total":94,"covered":65,"skipped":0,"pct":69.14},"functions":{"total":27,"covered":8,"skipped":0,"pct":29.62},"statements":{"total":103,"covered":70,"skipped":0,"pct":67.96},"branches":{"total":228,"covered":79,"skipped":0,"pct":34.64}}
,"C:\\Users\\user\\Desktop\\Quikit-Revised\\Quikit-28-05\\QuikIT\\apps\\quikinfra\\app\\api\\projects\\dpr\\[id]\\route.ts": {"lines":{"total":125,"covered":69,"skipped":0,"pct":55.2},"functions":{"total":23,"covered":5,"skipped":0,"pct":21.73},"statements":{"total":134,"covered":71,"skipped":0,"pct":52.98},"branches":{"total":274,"covered":74,"skipped":0,"pct":27}}
,"C:\\Users\\user\\Desktop\\Quikit-Revised\\Quikit-28-05\\QuikIT\\apps\\quikinfra\\app\\api\\projects\\dpr\\[id]\\approve\\route.ts": {"lines":{"total":91,"covered":51,"skipped":0,"pct":56.04},"functions":{"total":5,"covered":2,"skipped":0,"pct":40},"statements":{"total":93,"covered":52,"skipped":0,"pct":55.91},"branches":{"total":86,"covered":43,"skipped":0,"pct":50}}
,"C:\\Users\\user\\Desktop\\Quikit-Revised\\Quikit-28-05\\QuikIT\\apps\\quikinfra\\app\\api\\projects\\dpr\\[id]\\submit\\route.ts": {"lines":{"total":20,"covered":18,"skipped":0,"pct":90},"functions":{"total":1,"covered":1,"skipped":0,"pct":100},"statements":{"total":22,"covered":19,"skipped":0,"pct":86.36},"branches":{"total":20,"covered":14,"skipped":0,"pct":70}}
,"C:\\Users\\user\\Desktop\\Quikit-Revised\\Quikit-28-05\\QuikIT\\apps\\quikinfra\\app\\api\\projects\\dpr\\weather\\route.ts": {"lines":{"total":36,"covered":10,"skipped":0,"pct":27.77},"functions":{"total":1,"covered":1,"skipped":0,"pct":100},"statements":{"total":37,"covered":11,"skipped":0,"pct":29.72},"branches":{"total":28,"covered":8,"skipped":0,"pct":28.57}}
,"C:\\Users\\user\\Desktop\\Quikit-Revised\\Quikit-28-05\\QuikIT\\apps\\quikinfra\\app\\api\\projects\\hindrance\\route.ts": {"lines":{"total":33,"covered":28,"skipped":0,"pct":84.84},"functions":{"total":5,"covered":3,"skipped":0,"pct":60},"statements":{"total":36,"covered":30,"skipped":0,"pct":83.33},"branches":{"total":43,"covered":30,"skipped":0,"pct":69.76}}
,"C:\\Users\\user\\Desktop\\Quikit-Revised\\Quikit-28-05\\QuikIT\\apps\\quikinfra\\app\\api\\projects\\hindrance\\[id]\\route.ts": {"lines":{"total":10,"covered":10,"skipped":0,"pct":100},"functions":{"total":2,"covered":2,"skipped":0,"pct":100},"statements":{"total":12,"covered":12,"skipped":0,"pct":100},"branches":{"total":4,"covered":4,"skipped":0,"pct":100}}
,"C:\\Users\\user\\Desktop\\Quikit-Revised\\Quikit-28-05\\QuikIT\\apps\\quikinfra\\app\\api\\projects\\rab\\route.ts": {"lines":{"total":106,"covered":60,"skipped":0,"pct":56.6},"functions":{"total":7,"covered":4,"skipped":0,"pct":57.14},"statements":{"total":114,"covered":65,"skipped":0,"pct":57.01},"branches":{"total":133,"covered":73,"skipped":0,"pct":54.88}}
,"C:\\Users\\user\\Desktop\\Quikit-Revised\\Quikit-28-05\\QuikIT\\apps\\quikinfra\\app\\api\\projects\\rab\\[id]\\route.ts": {"lines":{"total":12,"covered":12,"skipped":0,"pct":100},"functions":{"total":2,"covered":2,"skipped":0,"pct":100},"statements":{"total":14,"covered":14,"skipped":0,"pct":100},"branches":{"total":8,"covered":8,"skipped":0,"pct":100}}
,"C:\\Users\\user\\Desktop\\Quikit-Revised\\Quikit-28-05\\QuikIT\\apps\\quikinfra\\app\\api\\projects\\rab\\[id]\\approve\\route.ts": {"lines":{"total":105,"covered":59,"skipped":0,"pct":56.19},"functions":{"total":3,"covered":2,"skipped":0,"pct":66.66},"statements":{"total":111,"covered":61,"skipped":0,"pct":54.95},"branches":{"total":77,"covered":40,"skipped":0,"pct":51.94}}
,"C:\\Users\\user\\Desktop\\Quikit-Revised\\Quikit-28-05\\QuikIT\\apps\\quikinfra\\app\\api\\projects\\rab\\[id]\\preview\\pdf\\route.ts": {"lines":{"total":32,"covered":25,"skipped":0,"pct":78.12},"functions":{"total":5,"covered":2,"skipped":0,"pct":40},"statements":{"total":36,"covered":27,"skipped":0,"pct":75},"branches":{"total":72,"covered":37,"skipped":0,"pct":51.38}}
,"C:\\Users\\user\\Desktop\\Quikit-Revised\\Quikit-28-05\\QuikIT\\apps\\quikinfra\\app\\api\\projects\\rab\\[id]\\submit\\route.ts": {"lines":{"total":22,"covered":19,"skipped":0,"pct":86.36},"functions":{"total":1,"covered":1,"skipped":0,"pct":100},"statements":{"total":24,"covered":20,"skipped":0,"pct":83.33},"branches":{"total":18,"covered":11,"skipped":0,"pct":61.11}}
,"C:\\Users\\user\\Desktop\\Quikit-Revised\\Quikit-28-05\\QuikIT\\apps\\quikinfra\\app\\api\\projects\\rab\\billable\\route.ts": {"lines":{"total":28,"covered":15,"skipped":0,"pct":53.57},"functions":{"total":5,"covered":1,"skipped":0,"pct":20},"statements":{"total":29,"covered":16,"skipped":0,"pct":55.17},"branches":{"total":29,"covered":10,"skipped":0,"pct":34.48}}
,"C:\\Users\\user\\Desktop\\Quikit-Revised\\Quikit-28-05\\QuikIT\\apps\\quikinfra\\app\\api\\projects\\rab\\from-dpr\\route.ts": {"lines":{"total":26,"covered":16,"skipped":0,"pct":61.53},"functions":{"total":1,"covered":1,"skipped":0,"pct":100},"statements":{"total":27,"covered":17,"skipped":0,"pct":62.96},"branches":{"total":26,"covered":18,"skipped":0,"pct":69.23}}
,"C:\\Users\\user\\Desktop\\Quikit-Revised\\Quikit-28-05\\QuikIT\\apps\\quikinfra\\app\\api\\projects\\work-orders\\route.ts": {"lines":{"total":80,"covered":62,"skipped":0,"pct":77.5},"functions":{"total":15,"covered":8,"skipped":0,"pct":53.33},"statements":{"total":88,"covered":67,"skipped":0,"pct":76.13},"branches":{"total":149,"covered":78,"skipped":0,"pct":52.34}}
,"C:\\Users\\user\\Desktop\\Quikit-Revised\\Quikit-28-05\\QuikIT\\apps\\quikinfra\\app\\api\\projects\\work-orders\\[id]\\route.ts": {"lines":{"total":79,"covered":55,"skipped":0,"pct":69.62},"functions":{"total":14,"covered":6,"skipped":0,"pct":42.85},"statements":{"total":93,"covered":62,"skipped":0,"pct":66.66},"branches":{"total":135,"covered":58,"skipped":0,"pct":42.96}}
,"C:\\Users\\user\\Desktop\\Quikit-Revised\\Quikit-28-05\\QuikIT\\apps\\quikinfra\\app\\api\\projects\\work-orders\\[id]\\approve\\route.ts": {"lines":{"total":27,"covered":22,"skipped":0,"pct":81.48},"functions":{"total":2,"covered":2,"skipped":0,"pct":100},"statements":{"total":29,"covered":23,"skipped":0,"pct":79.31},"branches":{"total":24,"covered":15,"skipped":0,"pct":62.5}}
,"C:\\Users\\user\\Desktop\\Quikit-Revised\\Quikit-28-05\\QuikIT\\apps\\quikinfra\\app\\api\\projects\\work-orders\\[id]\\preview\\pdf\\route.ts": {"lines":{"total":30,"covered":25,"skipped":0,"pct":83.33},"functions":{"total":4,"covered":3,"skipped":0,"pct":75},"statements":{"total":32,"covered":27,"skipped":0,"pct":84.37},"branches":{"total":68,"covered":47,"skipped":0,"pct":69.11}}
,"C:\\Users\\user\\Desktop\\Quikit-Revised\\Quikit-28-05\\QuikIT\\apps\\quikinfra\\app\\api\\projects\\work-orders\\[id]\\submit\\route.ts": {"lines":{"total":20,"covered":18,"skipped":0,"pct":90},"functions":{"total":1,"covered":1,"skipped":0,"pct":100},"statements":{"total":22,"covered":19,"skipped":0,"pct":86.36},"branches":{"total":20,"covered":13,"skipped":0,"pct":65}}
,"C:\\Users\\user\\Desktop\\Quikit-Revised\\Quikit-28-05\\QuikIT\\apps\\quikinfra\\app\\api\\purchase\\grn\\route.ts": {"lines":{"total":74,"covered":49,"skipped":0,"pct":66.21},"functions":{"total":8,"covered":3,"skipped":0,"pct":37.5},"statements":{"total":76,"covered":50,"skipped":0,"pct":65.78},"branches":{"total":140,"covered":73,"skipped":0,"pct":52.14}}
,"C:\\Users\\user\\Desktop\\Quikit-Revised\\Quikit-28-05\\QuikIT\\apps\\quikinfra\\app\\api\\purchase\\grn\\[id]\\route.ts": {"lines":{"total":23,"covered":11,"skipped":0,"pct":47.82},"functions":{"total":5,"covered":1,"skipped":0,"pct":20},"statements":{"total":25,"covered":13,"skipped":0,"pct":52},"branches":{"total":30,"covered":10,"skipped":0,"pct":33.33}}
,"C:\\Users\\user\\Desktop\\Quikit-Revised\\Quikit-28-05\\QuikIT\\apps\\quikinfra\\app\\api\\purchase\\grn\\[id]\\approve\\route.ts": {"lines":{"total":98,"covered":52,"skipped":0,"pct":53.06},"functions":{"total":3,"covered":2,"skipped":0,"pct":66.66},"statements":{"total":102,"covered":54,"skipped":0,"pct":52.94},"branches":{"total":73,"covered":34,"skipped":0,"pct":46.57}}
,"C:\\Users\\user\\Desktop\\Quikit-Revised\\Quikit-28-05\\QuikIT\\apps\\quikinfra\\app\\api\\purchase\\grn\\[id]\\preview\\pdf\\route.ts": {"lines":{"total":15,"covered":9,"skipped":0,"pct":60},"functions":{"total":3,"covered":1,"skipped":0,"pct":33.33},"statements":{"total":18,"covered":11,"skipped":0,"pct":61.11},"branches":{"total":64,"covered":19,"skipped":0,"pct":29.68}}
,"C:\\Users\\user\\Desktop\\Quikit-Revised\\Quikit-28-05\\QuikIT\\apps\\quikinfra\\app\\api\\purchase\\grn\\[id]\\submit\\route.ts": {"lines":{"total":20,"covered":18,"skipped":0,"pct":90},"functions":{"total":2,"covered":2,"skipped":0,"pct":100},"statements":{"total":22,"covered":19,"skipped":0,"pct":86.36},"branches":{"total":16,"covered":11,"skipped":0,"pct":68.75}}
,"C:\\Users\\user\\Desktop\\Quikit-Revised\\Quikit-28-05\\QuikIT\\apps\\quikinfra\\app\\api\\purchase\\indents\\route.ts": {"lines":{"total":70,"covered":52,"skipped":0,"pct":74.28},"functions":{"total":10,"covered":7,"skipped":0,"pct":70},"statements":{"total":76,"covered":56,"skipped":0,"pct":73.68},"branches":{"total":114,"covered":52,"skipped":0,"pct":45.61}}
,"C:\\Users\\user\\Desktop\\Quikit-Revised\\Quikit-28-05\\QuikIT\\apps\\quikinfra\\app\\api\\purchase\\indents\\[id]\\route.ts": {"lines":{"total":31,"covered":21,"skipped":0,"pct":67.74},"functions":{"total":6,"covered":2,"skipped":0,"pct":33.33},"statements":{"total":36,"covered":24,"skipped":0,"pct":66.66},"branches":{"total":42,"covered":20,"skipped":0,"pct":47.61}}
,"C:\\Users\\user\\Desktop\\Quikit-Revised\\Quikit-28-05\\QuikIT\\apps\\quikinfra\\app\\api\\purchase\\indents\\[id]\\approve\\route.ts": {"lines":{"total":23,"covered":19,"skipped":0,"pct":82.6},"functions":{"total":2,"covered":2,"skipped":0,"pct":100},"statements":{"total":26,"covered":21,"skipped":0,"pct":80.76},"branches":{"total":22,"covered":15,"skipped":0,"pct":68.18}}
,"C:\\Users\\user\\Desktop\\Quikit-Revised\\Quikit-28-05\\QuikIT\\apps\\quikinfra\\app\\api\\purchase\\indents\\[id]\\submit\\route.ts": {"lines":{"total":20,"covered":18,"skipped":0,"pct":90},"functions":{"total":2,"covered":2,"skipped":0,"pct":100},"statements":{"total":22,"covered":19,"skipped":0,"pct":86.36},"branches":{"total":16,"covered":11,"skipped":0,"pct":68.75}}
,"C:\\Users\\user\\Desktop\\Quikit-Revised\\Quikit-28-05\\QuikIT\\apps\\quikinfra\\app\\api\\purchase\\orders\\route.ts": {"lines":{"total":131,"covered":91,"skipped":0,"pct":69.46},"functions":{"total":18,"covered":11,"skipped":0,"pct":61.11},"statements":{"total":146,"covered":97,"skipped":0,"pct":66.43},"branches":{"total":243,"covered":120,"skipped":0,"pct":49.38}}
,"C:\\Users\\user\\Desktop\\Quikit-Revised\\Quikit-28-05\\QuikIT\\apps\\quikinfra\\app\\api\\purchase\\orders\\[id]\\route.ts": {"lines":{"total":32,"covered":20,"skipped":0,"pct":62.5},"functions":{"total":6,"covered":2,"skipped":0,"pct":33.33},"statements":{"total":38,"covered":24,"skipped":0,"pct":63.15},"branches":{"total":34,"covered":16,"skipped":0,"pct":47.05}}
,"C:\\Users\\user\\Desktop\\Quikit-Revised\\Quikit-28-05\\QuikIT\\apps\\quikinfra\\app\\api\\purchase\\orders\\[id]\\approve\\route.ts": {"lines":{"total":67,"covered":45,"skipped":0,"pct":67.16},"functions":{"total":2,"covered":2,"skipped":0,"pct":100},"statements":{"total":69,"covered":47,"skipped":0,"pct":68.11},"branches":{"total":59,"covered":32,"skipped":0,"pct":54.23}}
,"C:\\Users\\user\\Desktop\\Quikit-Revised\\Quikit-28-05\\QuikIT\\apps\\quikinfra\\app\\api\\purchase\\orders\\[id]\\close\\route.ts": {"lines":{"total":31,"covered":26,"skipped":0,"pct":83.87},"functions":{"total":1,"covered":1,"skipped":0,"pct":100},"statements":{"total":32,"covered":27,"skipped":0,"pct":84.37},"branches":{"total":31,"covered":22,"skipped":0,"pct":70.96}}
,"C:\\Users\\user\\Desktop\\Quikit-Revised\\Quikit-28-05\\QuikIT\\apps\\quikinfra\\app\\api\\purchase\\orders\\[id]\\preview\\route.ts": {"lines":{"total":7,"covered":7,"skipped":0,"pct":100},"functions":{"total":1,"covered":1,"skipped":0,"pct":100},"statements":{"total":9,"covered":9,"skipped":0,"pct":100},"branches":{"total":4,"covered":4,"skipped":0,"pct":100}}
,"C:\\Users\\user\\Desktop\\Quikit-Revised\\Quikit-28-05\\QuikIT\\apps\\quikinfra\\app\\api\\purchase\\orders\\[id]\\preview\\pdf\\route.ts": {"lines":{"total":10,"covered":6,"skipped":0,"pct":60},"functions":{"total":1,"covered":1,"skipped":0,"pct":100},"statements":{"total":12,"covered":8,"skipped":0,"pct":66.66},"branches":{"total":8,"covered":3,"skipped":0,"pct":37.5}}
,"C:\\Users\\user\\Desktop\\Quikit-Revised\\Quikit-28-05\\QuikIT\\apps\\quikinfra\\app\\api\\purchase\\orders\\[id]\\submit\\route.ts": {"lines":{"total":34,"covered":23,"skipped":0,"pct":67.64},"functions":{"total":3,"covered":3,"skipped":0,"pct":100},"statements":{"total":40,"covered":26,"skipped":0,"pct":65},"branches":{"total":38,"covered":14,"skipped":0,"pct":36.84}}
,"C:\\Users\\user\\Desktop\\Quikit-Revised\\Quikit-28-05\\QuikIT\\apps\\quikinfra\\app\\api\\purchase\\requisitions\\route.ts": {"lines":{"total":49,"covered":42,"skipped":0,"pct":85.71},"functions":{"total":8,"covered":8,"skipped":0,"pct":100},"statements":{"total":55,"covered":47,"skipped":0,"pct":85.45},"branches":{"total":66,"covered":52,"skipped":0,"pct":78.78}}
,"C:\\Users\\user\\Desktop\\Quikit-Revised\\Quikit-28-05\\QuikIT\\apps\\quikinfra\\app\\api\\purchase\\requisitions\\[id]\\route.ts": {"lines":{"total":52,"covered":32,"skipped":0,"pct":61.53},"functions":{"total":8,"covered":3,"skipped":0,"pct":37.5},"statements":{"total":64,"covered":39,"skipped":0,"pct":60.93},"branches":{"total":50,"covered":23,"skipped":0,"pct":46}}
,"C:\\Users\\user\\Desktop\\Quikit-Revised\\Quikit-28-05\\QuikIT\\apps\\quikinfra\\app\\api\\purchase\\requisitions\\[id]\\approve\\route.ts": {"lines":{"total":72,"covered":40,"skipped":0,"pct":55.55},"functions":{"total":3,"covered":2,"skipped":0,"pct":66.66},"statements":{"total":75,"covered":42,"skipped":0,"pct":56},"branches":{"total":97,"covered":32,"skipped":0,"pct":32.98}}
,"C:\\Users\\user\\Desktop\\Quikit-Revised\\Quikit-28-05\\QuikIT\\apps\\quikinfra\\app\\api\\purchase\\requisitions\\[id]\\submit\\route.ts": {"lines":{"total":26,"covered":23,"skipped":0,"pct":88.46},"functions":{"total":2,"covered":2,"skipped":0,"pct":100},"statements":{"total":28,"covered":25,"skipped":0,"pct":89.28},"branches":{"total":33,"covered":22,"skipped":0,"pct":66.66}}
,"C:\\Users\\user\\Desktop\\Quikit-Revised\\Quikit-28-05\\QuikIT\\apps\\quikinfra\\app\\api\\purchase\\requisitions\\estimation-budget\\route.ts": {"lines":{"total":10,"covered":10,"skipped":0,"pct":100},"functions":{"total":1,"covered":1,"skipped":0,"pct":100},"statements":{"total":11,"covered":11,"skipped":0,"pct":100},"branches":{"total":8,"covered":8,"skipped":0,"pct":100}}
,"C:\\Users\\user\\Desktop\\Quikit-Revised\\Quikit-28-05\\QuikIT\\apps\\quikinfra\\app\\api\\purchase\\rfqs\\route.ts": {"lines":{"total":81,"covered":48,"skipped":0,"pct":59.25},"functions":{"total":15,"covered":4,"skipped":0,"pct":26.66},"statements":{"total":87,"covered":50,"skipped":0,"pct":57.47},"branches":{"total":138,"covered":55,"skipped":0,"pct":39.85}}
,"C:\\Users\\user\\Desktop\\Quikit-Revised\\Quikit-28-05\\QuikIT\\apps\\quikinfra\\app\\api\\purchase\\rfqs\\[id]\\route.ts": {"lines":{"total":31,"covered":21,"skipped":0,"pct":67.74},"functions":{"total":6,"covered":2,"skipped":0,"pct":33.33},"statements":{"total":36,"covered":23,"skipped":0,"pct":63.88},"branches":{"total":34,"covered":17,"skipped":0,"pct":50}}
,"C:\\Users\\user\\Desktop\\Quikit-Revised\\Quikit-28-05\\QuikIT\\apps\\quikinfra\\app\\api\\purchase\\rfqs\\[id]\\approve\\route.ts": {"lines":{"total":67,"covered":45,"skipped":0,"pct":67.16},"functions":{"total":2,"covered":2,"skipped":0,"pct":100},"statements":{"total":69,"covered":46,"skipped":0,"pct":66.66},"branches":{"total":55,"covered":30,"skipped":0,"pct":54.54}}
,"C:\\Users\\user\\Desktop\\Quikit-Revised\\Quikit-28-05\\QuikIT\\apps\\quikinfra\\app\\api\\purchase\\rfqs\\[id]\\preview\\route.ts": {"lines":{"total":7,"covered":7,"skipped":0,"pct":100},"functions":{"total":1,"covered":1,"skipped":0,"pct":100},"statements":{"total":9,"covered":9,"skipped":0,"pct":100},"branches":{"total":4,"covered":4,"skipped":0,"pct":100}}
,"C:\\Users\\user\\Desktop\\Quikit-Revised\\Quikit-28-05\\QuikIT\\apps\\quikinfra\\app\\api\\purchase\\rfqs\\[id]\\preview\\pdf\\route.ts": {"lines":{"total":14,"covered":10,"skipped":0,"pct":71.42},"functions":{"total":1,"covered":1,"skipped":0,"pct":100},"statements":{"total":16,"covered":12,"skipped":0,"pct":75},"branches":{"total":10,"covered":5,"skipped":0,"pct":50}}
,"C:\\Users\\user\\Desktop\\Quikit-Revised\\Quikit-28-05\\QuikIT\\apps\\quikinfra\\app\\api\\purchase\\rfqs\\[id]\\submit\\route.ts": {"lines":{"total":38,"covered":24,"skipped":0,"pct":63.15},"functions":{"total":3,"covered":3,"skipped":0,"pct":100},"statements":{"total":43,"covered":27,"skipped":0,"pct":62.79},"branches":{"total":35,"covered":14,"skipped":0,"pct":40}}
,"C:\\Users\\user\\Desktop\\Quikit-Revised\\Quikit-28-05\\QuikIT\\apps\\quikinfra\\app\\api\\purchase\\rfqs\\[id]\\vendors\\[vendorRowId]\\quote\\route.ts": {"lines":{"total":13,"covered":12,"skipped":0,"pct":92.3},"functions":{"total":2,"covered":1,"skipped":0,"pct":50},"statements":{"total":15,"covered":13,"skipped":0,"pct":86.66},"branches":{"total":12,"covered":9,"skipped":0,"pct":75}}
,"C:\\Users\\user\\Desktop\\Quikit-Revised\\Quikit-28-05\\QuikIT\\apps\\quikinfra\\app\\api\\quality\\checklists\\route.ts": {"lines":{"total":27,"covered":24,"skipped":0,"pct":88.88},"functions":{"total":6,"covered":6,"skipped":0,"pct":100},"statements":{"total":31,"covered":28,"skipped":0,"pct":90.32},"branches":{"total":28,"covered":24,"skipped":0,"pct":85.71}}
,"C:\\Users\\user\\Desktop\\Quikit-Revised\\Quikit-28-05\\QuikIT\\apps\\quikinfra\\app\\api\\quality\\inspections\\route.ts": {"lines":{"total":30,"covered":27,"skipped":0,"pct":90},"functions":{"total":4,"covered":3,"skipped":0,"pct":75},"statements":{"total":33,"covered":29,"skipped":0,"pct":87.87},"branches":{"total":39,"covered":34,"skipped":0,"pct":87.17}}
,"C:\\Users\\user\\Desktop\\Quikit-Revised\\Quikit-28-05\\QuikIT\\apps\\quikinfra\\app\\api\\quality\\inspections\\[id]\\route.ts": {"lines":{"total":15,"covered":15,"skipped":0,"pct":100},"functions":{"total":3,"covered":3,"skipped":0,"pct":100},"statements":{"total":18,"covered":18,"skipped":0,"pct":100},"branches":{"total":6,"covered":6,"skipped":0,"pct":100}}
,"C:\\Users\\user\\Desktop\\Quikit-Revised\\Quikit-28-05\\QuikIT\\apps\\quikinfra\\app\\api\\ready\\route.ts": {"lines":{"total":27,"covered":25,"skipped":0,"pct":92.59},"functions":{"total":1,"covered":1,"skipped":0,"pct":100},"statements":{"total":27,"covered":25,"skipped":0,"pct":92.59},"branches":{"total":19,"covered":14,"skipped":0,"pct":73.68}}
,"C:\\Users\\user\\Desktop\\Quikit-Revised\\Quikit-28-05\\QuikIT\\apps\\quikinfra\\app\\api\\reports\\ap-aging\\route.ts": {"lines":{"total":1,"covered":1,"skipped":0,"pct":100},"functions":{"total":1,"covered":1,"skipped":0,"pct":100},"statements":{"total":1,"covered":1,"skipped":0,"pct":100},"branches":{"total":0,"covered":0,"skipped":0,"pct":100}}
,"C:\\Users\\user\\Desktop\\Quikit-Revised\\Quikit-28-05\\QuikIT\\apps\\quikinfra\\app\\api\\reports\\ar-aging\\route.ts": {"lines":{"total":1,"covered":1,"skipped":0,"pct":100},"functions":{"total":1,"covered":1,"skipped":0,"pct":100},"statements":{"total":1,"covered":1,"skipped":0,"pct":100},"branches":{"total":0,"covered":0,"skipped":0,"pct":100}}
,"C:\\Users\\user\\Desktop\\Quikit-Revised\\Quikit-28-05\\QuikIT\\apps\\quikinfra\\app\\api\\reports\\project-pnl\\route.ts": {"lines":{"total":1,"covered":1,"skipped":0,"pct":100},"functions":{"total":1,"covered":1,"skipped":0,"pct":100},"statements":{"total":1,"covered":1,"skipped":0,"pct":100},"branches":{"total":0,"covered":0,"skipped":0,"pct":100}}
,"C:\\Users\\user\\Desktop\\Quikit-Revised\\Quikit-28-05\\QuikIT\\apps\\quikinfra\\app\\api\\reports\\stock-valuation\\route.ts": {"lines":{"total":25,"covered":25,"skipped":0,"pct":100},"functions":{"total":12,"covered":12,"skipped":0,"pct":100},"statements":{"total":30,"covered":30,"skipped":0,"pct":100},"branches":{"total":22,"covered":17,"skipped":0,"pct":77.27}}
,"C:\\Users\\user\\Desktop\\Quikit-Revised\\Quikit-28-05\\QuikIT\\apps\\quikinfra\\app\\api\\reports\\vendor-performance\\route.ts": {"lines":{"total":22,"covered":21,"skipped":0,"pct":95.45},"functions":{"total":11,"covered":11,"skipped":0,"pct":100},"statements":{"total":33,"covered":31,"skipped":0,"pct":93.93},"branches":{"total":10,"covered":8,"skipped":0,"pct":80}}
,"C:\\Users\\user\\Desktop\\Quikit-Revised\\Quikit-28-05\\QuikIT\\apps\\quikinfra\\app\\api\\safety\\checklists\\route.ts": {"lines":{"total":12,"covered":12,"skipped":0,"pct":100},"functions":{"total":3,"covered":3,"skipped":0,"pct":100},"statements":{"total":13,"covered":13,"skipped":0,"pct":100},"branches":{"total":10,"covered":7,"skipped":0,"pct":70}}
,"C:\\Users\\user\\Desktop\\Quikit-Revised\\Quikit-28-05\\QuikIT\\apps\\quikinfra\\app\\api\\safety\\incidents\\route.ts": {"lines":{"total":18,"covered":16,"skipped":0,"pct":88.88},"functions":{"total":4,"covered":2,"skipped":0,"pct":50},"statements":{"total":22,"covered":17,"skipped":0,"pct":77.27},"branches":{"total":13,"covered":8,"skipped":0,"pct":61.53}}
,"C:\\Users\\user\\Desktop\\Quikit-Revised\\Quikit-28-05\\QuikIT\\apps\\quikinfra\\app\\api\\safety\\toolbox-talks\\route.ts": {"lines":{"total":18,"covered":16,"skipped":0,"pct":88.88},"functions":{"total":4,"covered":2,"skipped":0,"pct":50},"statements":{"total":22,"covered":17,"skipped":0,"pct":77.27},"branches":{"total":12,"covered":8,"skipped":0,"pct":66.66}}
,"C:\\Users\\user\\Desktop\\Quikit-Revised\\Quikit-28-05\\QuikIT\\apps\\quikinfra\\app\\api\\settings\\users\\route.ts": {"lines":{"total":128,"covered":95,"skipped":0,"pct":74.21},"functions":{"total":9,"covered":6,"skipped":0,"pct":66.66},"statements":{"total":134,"covered":97,"skipped":0,"pct":72.38},"branches":{"total":173,"covered":97,"skipped":0,"pct":56.06}}
,"C:\\Users\\user\\Desktop\\Quikit-Revised\\Quikit-28-05\\QuikIT\\apps\\quikinfra\\app\\api\\settings\\users\\[id]\\route.ts": {"lines":{"total":125,"covered":60,"skipped":0,"pct":48},"functions":{"total":12,"covered":5,"skipped":0,"pct":41.66},"statements":{"total":129,"covered":60,"skipped":0,"pct":46.51},"branches":{"total":130,"covered":50,"skipped":0,"pct":38.46}}
,"C:\\Users\\user\\Desktop\\Quikit-Revised\\Quikit-28-05\\QuikIT\\apps\\quikinfra\\app\\api\\settings\\users\\[id]\\resend-invite\\route.ts": {"lines":{"total":38,"covered":36,"skipped":0,"pct":94.73},"functions":{"total":1,"covered":1,"skipped":0,"pct":100},"statements":{"total":39,"covered":36,"skipped":0,"pct":92.3},"branches":{"total":40,"covered":25,"skipped":0,"pct":62.5}}
,"C:\\Users\\user\\Desktop\\Quikit-Revised\\Quikit-28-05\\QuikIT\\apps\\quikinfra\\app\\api\\settings\\users\\search\\route.ts": {"lines":{"total":9,"covered":9,"skipped":0,"pct":100},"functions":{"total":2,"covered":2,"skipped":0,"pct":100},"statements":{"total":10,"covered":10,"skipped":0,"pct":100},"branches":{"total":8,"covered":5,"skipped":0,"pct":62.5}}
,"C:\\Users\\user\\Desktop\\Quikit-Revised\\Quikit-28-05\\QuikIT\\apps\\quikinfra\\app\\api\\settings\\workflows\\route.ts": {"lines":{"total":26,"covered":26,"skipped":0,"pct":100},"functions":{"total":3,"covered":3,"skipped":0,"pct":100},"statements":{"total":26,"covered":26,"skipped":0,"pct":100},"branches":{"total":38,"covered":28,"skipped":0,"pct":73.68}}
,"C:\\Users\\user\\Desktop\\Quikit-Revised\\Quikit-28-05\\QuikIT\\apps\\quikinfra\\app\\api\\settings\\workflows\\[id]\\route.ts": {"lines":{"total":21,"covered":21,"skipped":0,"pct":100},"functions":{"total":4,"covered":4,"skipped":0,"pct":100},"statements":{"total":24,"covered":24,"skipped":0,"pct":100},"branches":{"total":26,"covered":21,"skipped":0,"pct":80.76}}
,"C:\\Users\\user\\Desktop\\Quikit-Revised\\Quikit-28-05\\QuikIT\\apps\\quikinfra\\app\\api\\store\\asset-mgmt\\assets\\route.ts": {"lines":{"total":36,"covered":31,"skipped":0,"pct":86.11},"functions":{"total":7,"covered":3,"skipped":0,"pct":42.85},"statements":{"total":44,"covered":35,"skipped":0,"pct":79.54},"branches":{"total":42,"covered":27,"skipped":0,"pct":64.28}}
,"C:\\Users\\user\\Desktop\\Quikit-Revised\\Quikit-28-05\\QuikIT\\apps\\quikinfra\\app\\api\\store\\asset-mgmt\\assets\\[id]\\route.ts": {"lines":{"total":26,"covered":22,"skipped":0,"pct":84.61},"functions":{"total":6,"covered":4,"skipped":0,"pct":66.66},"statements":{"total":33,"covered":27,"skipped":0,"pct":81.81},"branches":{"total":16,"covered":10,"skipped":0,"pct":62.5}}
,"C:\\Users\\user\\Desktop\\Quikit-Revised\\Quikit-28-05\\QuikIT\\apps\\quikinfra\\app\\api\\store\\asset-mgmt\\categories\\route.ts": {"lines":{"total":22,"covered":20,"skipped":0,"pct":90.9},"functions":{"total":7,"covered":2,"skipped":0,"pct":28.57},"statements":{"total":29,"covered":22,"skipped":0,"pct":75.86},"branches":{"total":22,"covered":13,"skipped":0,"pct":59.09}}
,"C:\\Users\\user\\Desktop\\Quikit-Revised\\Quikit-28-05\\QuikIT\\apps\\quikinfra\\app\\api\\store\\asset-mgmt\\categories\\[id]\\route.ts": {"lines":{"total":28,"covered":0,"skipped":0,"pct":0},"functions":{"total":7,"covered":0,"skipped":0,"pct":0},"statements":{"total":37,"covered":0,"skipped":0,"pct":0},"branches":{"total":16,"covered":0,"skipped":0,"pct":0}}
,"C:\\Users\\user\\Desktop\\Quikit-Revised\\Quikit-28-05\\QuikIT\\apps\\quikinfra\\app\\api\\store\\asset-mgmt\\issuances\\route.ts": {"lines":{"total":32,"covered":29,"skipped":0,"pct":90.62},"functions":{"total":7,"covered":4,"skipped":0,"pct":57.14},"statements":{"total":40,"covered":34,"skipped":0,"pct":85},"branches":{"total":34,"covered":22,"skipped":0,"pct":64.7}}
,"C:\\Users\\user\\Desktop\\Quikit-Revised\\Quikit-28-05\\QuikIT\\apps\\quikinfra\\app\\api\\store\\asset-mgmt\\issuances\\[id]\\route.ts": {"lines":{"total":29,"covered":14,"skipped":0,"pct":48.27},"functions":{"total":5,"covered":2,"skipped":0,"pct":40},"statements":{"total":36,"covered":16,"skipped":0,"pct":44.44},"branches":{"total":16,"covered":6,"skipped":0,"pct":37.5}}
,"C:\\Users\\user\\Desktop\\Quikit-Revised\\Quikit-28-05\\QuikIT\\apps\\quikinfra\\app\\api\\store\\diesel-log\\route.ts": {"lines":{"total":11,"covered":10,"skipped":0,"pct":90.9},"functions":{"total":2,"covered":2,"skipped":0,"pct":100},"statements":{"total":11,"covered":10,"skipped":0,"pct":90.9},"branches":{"total":16,"covered":13,"skipped":0,"pct":81.25}}
,"C:\\Users\\user\\Desktop\\Quikit-Revised\\Quikit-28-05\\QuikIT\\apps\\quikinfra\\app\\api\\store\\diesel-log\\[id]\\route.ts": {"lines":{"total":10,"covered":10,"skipped":0,"pct":100},"functions":{"total":2,"covered":2,"skipped":0,"pct":100},"statements":{"total":12,"covered":12,"skipped":0,"pct":100},"branches":{"total":4,"covered":4,"skipped":0,"pct":100}}
,"C:\\Users\\user\\Desktop\\Quikit-Revised\\Quikit-28-05\\QuikIT\\apps\\quikinfra\\app\\api\\store\\diesel-logs\\route.ts": {"lines":{"total":58,"covered":43,"skipped":0,"pct":74.13},"functions":{"total":3,"covered":3,"skipped":0,"pct":100},"statements":{"total":64,"covered":47,"skipped":0,"pct":73.43},"branches":{"total":95,"covered":62,"skipped":0,"pct":65.26}}
,"C:\\Users\\user\\Desktop\\Quikit-Revised\\Quikit-28-05\\QuikIT\\apps\\quikinfra\\app\\api\\store\\gate-passes\\route.ts": {"lines":{"total":31,"covered":29,"skipped":0,"pct":93.54},"functions":{"total":3,"covered":3,"skipped":0,"pct":100},"statements":{"total":33,"covered":31,"skipped":0,"pct":93.93},"branches":{"total":94,"covered":84,"skipped":0,"pct":89.36}}
,"C:\\Users\\user\\Desktop\\Quikit-Revised\\Quikit-28-05\\QuikIT\\apps\\quikinfra\\app\\api\\store\\gate-passes\\[id]\\route.ts": {"lines":{"total":56,"covered":40,"skipped":0,"pct":71.42},"functions":{"total":10,"covered":5,"skipped":0,"pct":50},"statements":{"total":61,"covered":43,"skipped":0,"pct":70.49},"branches":{"total":73,"covered":40,"skipped":0,"pct":54.79}}
,"C:\\Users\\user\\Desktop\\Quikit-Revised\\Quikit-28-05\\QuikIT\\apps\\quikinfra\\app\\api\\store\\gate-passes\\[id]\\approve\\route.ts": {"lines":{"total":27,"covered":23,"skipped":0,"pct":85.18},"functions":{"total":2,"covered":2,"skipped":0,"pct":100},"statements":{"total":29,"covered":24,"skipped":0,"pct":82.75},"branches":{"total":24,"covered":16,"skipped":0,"pct":66.66}}
,"C:\\Users\\user\\Desktop\\Quikit-Revised\\Quikit-28-05\\QuikIT\\apps\\quikinfra\\app\\api\\store\\gate-passes\\[id]\\close\\route.ts": {"lines":{"total":18,"covered":17,"skipped":0,"pct":94.44},"functions":{"total":1,"covered":1,"skipped":0,"pct":100},"statements":{"total":19,"covered":18,"skipped":0,"pct":94.73},"branches":{"total":12,"covered":9,"skipped":0,"pct":75}}
,"C:\\Users\\user\\Desktop\\Quikit-Revised\\Quikit-28-05\\QuikIT\\apps\\quikinfra\\app\\api\\store\\gate-passes\\[id]\\submit\\route.ts": {"lines":{"total":21,"covered":19,"skipped":0,"pct":90.47},"functions":{"total":1,"covered":1,"skipped":0,"pct":100},"statements":{"total":23,"covered":20,"skipped":0,"pct":86.95},"branches":{"total":22,"covered":14,"skipped":0,"pct":63.63}}
,"C:\\Users\\user\\Desktop\\Quikit-Revised\\Quikit-28-05\\QuikIT\\apps\\quikinfra\\app\\api\\store\\good-returns\\route.ts": {"lines":{"total":37,"covered":35,"skipped":0,"pct":94.59},"functions":{"total":2,"covered":2,"skipped":0,"pct":100},"statements":{"total":39,"covered":37,"skipped":0,"pct":94.87},"branches":{"total":73,"covered":65,"skipped":0,"pct":89.04}}
,"C:\\Users\\user\\Desktop\\Quikit-Revised\\Quikit-28-05\\QuikIT\\apps\\quikinfra\\app\\api\\store\\good-returns\\[id]\\route.ts": {"lines":{"total":56,"covered":40,"skipped":0,"pct":71.42},"functions":{"total":10,"covered":5,"skipped":0,"pct":50},"statements":{"total":61,"covered":43,"skipped":0,"pct":70.49},"branches":{"total":71,"covered":39,"skipped":0,"pct":54.92}}
,"C:\\Users\\user\\Desktop\\Quikit-Revised\\Quikit-28-05\\QuikIT\\apps\\quikinfra\\app\\api\\store\\good-returns\\[id]\\approve\\route.ts": {"lines":{"total":55,"covered":38,"skipped":0,"pct":69.09},"functions":{"total":2,"covered":2,"skipped":0,"pct":100},"statements":{"total":56,"covered":39,"skipped":0,"pct":69.64},"branches":{"total":47,"covered":27,"skipped":0,"pct":57.44}}
,"C:\\Users\\user\\Desktop\\Quikit-Revised\\Quikit-28-05\\QuikIT\\apps\\quikinfra\\app\\api\\store\\good-returns\\[id]\\dispatch\\route.ts": {"lines":{"total":17,"covered":16,"skipped":0,"pct":94.11},"functions":{"total":1,"covered":1,"skipped":0,"pct":100},"statements":{"total":18,"covered":17,"skipped":0,"pct":94.44},"branches":{"total":16,"covered":12,"skipped":0,"pct":75}}
,"C:\\Users\\user\\Desktop\\Quikit-Revised\\Quikit-28-05\\QuikIT\\apps\\quikinfra\\app\\api\\store\\good-returns\\[id]\\submit\\route.ts": {"lines":{"total":21,"covered":19,"skipped":0,"pct":90.47},"functions":{"total":1,"covered":1,"skipped":0,"pct":100},"statements":{"total":23,"covered":20,"skipped":0,"pct":86.95},"branches":{"total":22,"covered":14,"skipped":0,"pct":63.63}}
,"C:\\Users\\user\\Desktop\\Quikit-Revised\\Quikit-28-05\\QuikIT\\apps\\quikinfra\\app\\api\\store\\grn\\route.ts": {"lines":{"total":38,"covered":32,"skipped":0,"pct":84.21},"functions":{"total":4,"covered":4,"skipped":0,"pct":100},"statements":{"total":42,"covered":34,"skipped":0,"pct":80.95},"branches":{"total":36,"covered":24,"skipped":0,"pct":66.66}}
,"C:\\Users\\user\\Desktop\\Quikit-Revised\\Quikit-28-05\\QuikIT\\apps\\quikinfra\\app\\api\\store\\grn\\[id]\\route.ts": {"lines":{"total":12,"covered":12,"skipped":0,"pct":100},"functions":{"total":2,"covered":2,"skipped":0,"pct":100},"statements":{"total":14,"covered":14,"skipped":0,"pct":100},"branches":{"total":6,"covered":6,"skipped":0,"pct":100}}
,"C:\\Users\\user\\Desktop\\Quikit-Revised\\Quikit-28-05\\QuikIT\\apps\\quikinfra\\app\\api\\store\\grn\\[id]\\post\\route.ts": {"lines":{"total":31,"covered":29,"skipped":0,"pct":93.54},"functions":{"total":5,"covered":5,"skipped":0,"pct":100},"statements":{"total":38,"covered":33,"skipped":0,"pct":86.84},"branches":{"total":18,"covered":11,"skipped":0,"pct":61.11}}
,"C:\\Users\\user\\Desktop\\Quikit-Revised\\Quikit-28-05\\QuikIT\\apps\\quikinfra\\app\\api\\store\\internal-return\\route.ts": {"lines":{"total":19,"covered":19,"skipped":0,"pct":100},"functions":{"total":3,"covered":3,"skipped":0,"pct":100},"statements":{"total":21,"covered":21,"skipped":0,"pct":100},"branches":{"total":12,"covered":11,"skipped":0,"pct":91.66}}
,"C:\\Users\\user\\Desktop\\Quikit-Revised\\Quikit-28-05\\QuikIT\\apps\\quikinfra\\app\\api\\store\\internal-return\\[id]\\route.ts": {"lines":{"total":11,"covered":11,"skipped":0,"pct":100},"functions":{"total":2,"covered":2,"skipped":0,"pct":100},"statements":{"total":14,"covered":13,"skipped":0,"pct":92.85},"branches":{"total":6,"covered":5,"skipped":0,"pct":83.33}}
,"C:\\Users\\user\\Desktop\\Quikit-Revised\\Quikit-28-05\\QuikIT\\apps\\quikinfra\\app\\api\\store\\internal-return\\[id]\\post\\route.ts": {"lines":{"total":14,"covered":12,"skipped":0,"pct":85.71},"functions":{"total":2,"covered":2,"skipped":0,"pct":100},"statements":{"total":16,"covered":14,"skipped":0,"pct":87.5},"branches":{"total":6,"covered":4,"skipped":0,"pct":66.66}}
,"C:\\Users\\user\\Desktop\\Quikit-Revised\\Quikit-28-05\\QuikIT\\apps\\quikinfra\\app\\api\\store\\issue\\[id]\\approve\\route.ts": {"lines":{"total":18,"covered":5,"skipped":0,"pct":27.77},"functions":{"total":3,"covered":1,"skipped":0,"pct":33.33},"statements":{"total":19,"covered":6,"skipped":0,"pct":31.57},"branches":{"total":16,"covered":3,"skipped":0,"pct":18.75}}
,"C:\\Users\\user\\Desktop\\Quikit-Revised\\Quikit-28-05\\QuikIT\\apps\\quikinfra\\app\\api\\store\\issues\\route.ts": {"lines":{"total":47,"covered":45,"skipped":0,"pct":95.74},"functions":{"total":8,"covered":7,"skipped":0,"pct":87.5},"statements":{"total":50,"covered":47,"skipped":0,"pct":94},"branches":{"total":114,"covered":106,"skipped":0,"pct":92.98}}
,"C:\\Users\\user\\Desktop\\Quikit-Revised\\Quikit-28-05\\QuikIT\\apps\\quikinfra\\app\\api\\store\\issues\\[id]\\route.ts": {"lines":{"total":58,"covered":44,"skipped":0,"pct":75.86},"functions":{"total":10,"covered":5,"skipped":0,"pct":50},"statements":{"total":63,"covered":47,"skipped":0,"pct":74.6},"branches":{"total":86,"covered":43,"skipped":0,"pct":50}}
,"C:\\Users\\user\\Desktop\\Quikit-Revised\\Quikit-28-05\\QuikIT\\apps\\quikinfra\\app\\api\\store\\issues\\[id]\\approve\\route.ts": {"lines":{"total":55,"covered":37,"skipped":0,"pct":67.27},"functions":{"total":2,"covered":2,"skipped":0,"pct":100},"statements":{"total":56,"covered":38,"skipped":0,"pct":67.85},"branches":{"total":47,"covered":26,"skipped":0,"pct":55.31}}
,"C:\\Users\\user\\Desktop\\Quikit-Revised\\Quikit-28-05\\QuikIT\\apps\\quikinfra\\app\\api\\store\\issues\\[id]\\submit\\route.ts": {"lines":{"total":21,"covered":19,"skipped":0,"pct":90.47},"functions":{"total":1,"covered":1,"skipped":0,"pct":100},"statements":{"total":23,"covered":20,"skipped":0,"pct":86.95},"branches":{"total":22,"covered":14,"skipped":0,"pct":63.63}}
,"C:\\Users\\user\\Desktop\\Quikit-Revised\\Quikit-28-05\\QuikIT\\apps\\quikinfra\\app\\api\\store\\item-stock-locations\\route.ts": {"lines":{"total":37,"covered":30,"skipped":0,"pct":81.08},"functions":{"total":8,"covered":6,"skipped":0,"pct":75},"statements":{"total":45,"covered":34,"skipped":0,"pct":75.55},"branches":{"total":49,"covered":23,"skipped":0,"pct":46.93}}
,"C:\\Users\\user\\Desktop\\Quikit-Revised\\Quikit-28-05\\QuikIT\\apps\\quikinfra\\app\\api\\store\\items-stock\\route.ts": {"lines":{"total":43,"covered":32,"skipped":0,"pct":74.41},"functions":{"total":7,"covered":6,"skipped":0,"pct":85.71},"statements":{"total":53,"covered":37,"skipped":0,"pct":69.81},"branches":{"total":41,"covered":14,"skipped":0,"pct":34.14}}
,"C:\\Users\\user\\Desktop\\Quikit-Revised\\Quikit-28-05\\QuikIT\\apps\\quikinfra\\app\\api\\store\\material-issue\\route.ts": {"lines":{"total":18,"covered":18,"skipped":0,"pct":100},"functions":{"total":3,"covered":3,"skipped":0,"pct":100},"statements":{"total":20,"covered":20,"skipped":0,"pct":100},"branches":{"total":12,"covered":9,"skipped":0,"pct":75}}
,"C:\\Users\\user\\Desktop\\Quikit-Revised\\Quikit-28-05\\QuikIT\\apps\\quikinfra\\app\\api\\store\\material-issue\\[id]\\route.ts": {"lines":{"total":12,"covered":12,"skipped":0,"pct":100},"functions":{"total":2,"covered":2,"skipped":0,"pct":100},"statements":{"total":14,"covered":14,"skipped":0,"pct":100},"branches":{"total":6,"covered":6,"skipped":0,"pct":100}}
,"C:\\Users\\user\\Desktop\\Quikit-Revised\\Quikit-28-05\\QuikIT\\apps\\quikinfra\\app\\api\\store\\material-issue\\[id]\\post\\route.ts": {"lines":{"total":29,"covered":25,"skipped":0,"pct":86.2},"functions":{"total":2,"covered":2,"skipped":0,"pct":100},"statements":{"total":30,"covered":26,"skipped":0,"pct":86.66},"branches":{"total":18,"covered":12,"skipped":0,"pct":66.66}}
,"C:\\Users\\user\\Desktop\\Quikit-Revised\\Quikit-28-05\\QuikIT\\apps\\quikinfra\\app\\api\\store\\reconciliation\\[id]\\approve\\route.ts": {"lines":{"total":6,"covered":5,"skipped":0,"pct":83.33},"functions":{"total":1,"covered":1,"skipped":0,"pct":100},"statements":{"total":7,"covered":6,"skipped":0,"pct":85.71},"branches":{"total":4,"covered":3,"skipped":0,"pct":75}}
,"C:\\Users\\user\\Desktop\\Quikit-Revised\\Quikit-28-05\\QuikIT\\apps\\quikinfra\\app\\api\\store\\reconciliations\\route.ts": {"lines":{"total":59,"covered":53,"skipped":0,"pct":89.83},"functions":{"total":10,"covered":10,"skipped":0,"pct":100},"statements":{"total":67,"covered":59,"skipped":0,"pct":88.05},"branches":{"total":75,"covered":44,"skipped":0,"pct":58.66}}
,"C:\\Users\\user\\Desktop\\Quikit-Revised\\Quikit-28-05\\QuikIT\\apps\\quikinfra\\app\\api\\store\\reconciliations\\[id]\\route.ts": {"lines":{"total":42,"covered":20,"skipped":0,"pct":47.61},"functions":{"total":12,"covered":1,"skipped":0,"pct":8.33},"statements":{"total":45,"covered":21,"skipped":0,"pct":46.66},"branches":{"total":80,"covered":30,"skipped":0,"pct":37.5}}
,"C:\\Users\\user\\Desktop\\Quikit-Revised\\Quikit-28-05\\QuikIT\\apps\\quikinfra\\app\\api\\store\\reconciliations\\[id]\\approve\\route.ts": {"lines":{"total":27,"covered":23,"skipped":0,"pct":85.18},"functions":{"total":2,"covered":2,"skipped":0,"pct":100},"statements":{"total":29,"covered":24,"skipped":0,"pct":82.75},"branches":{"total":24,"covered":16,"skipped":0,"pct":66.66}}
,"C:\\Users\\user\\Desktop\\Quikit-Revised\\Quikit-28-05\\QuikIT\\apps\\quikinfra\\app\\api\\store\\reconciliations\\[id]\\submit\\route.ts": {"lines":{"total":20,"covered":18,"skipped":0,"pct":90},"functions":{"total":1,"covered":1,"skipped":0,"pct":100},"statements":{"total":22,"covered":19,"skipped":0,"pct":86.36},"branches":{"total":24,"covered":15,"skipped":0,"pct":62.5}}
,"C:\\Users\\user\\Desktop\\Quikit-Revised\\Quikit-28-05\\QuikIT\\apps\\quikinfra\\app\\api\\store\\stock-balance\\route.ts": {"lines":{"total":26,"covered":26,"skipped":0,"pct":100},"functions":{"total":1,"covered":1,"skipped":0,"pct":100},"statements":{"total":28,"covered":27,"skipped":0,"pct":96.42},"branches":{"total":28,"covered":22,"skipped":0,"pct":78.57}}
,"C:\\Users\\user\\Desktop\\Quikit-Revised\\Quikit-28-05\\QuikIT\\apps\\quikinfra\\app\\api\\store\\stock-reconciliation\\route.ts": {"lines":{"total":14,"covered":14,"skipped":0,"pct":100},"functions":{"total":3,"covered":3,"skipped":0,"pct":100},"statements":{"total":15,"covered":15,"skipped":0,"pct":100},"branches":{"total":4,"covered":3,"skipped":0,"pct":75}}
,"C:\\Users\\user\\Desktop\\Quikit-Revised\\Quikit-28-05\\QuikIT\\apps\\quikinfra\\app\\api\\store\\stock-reconciliation\\[id]\\route.ts": {"lines":{"total":11,"covered":11,"skipped":0,"pct":100},"functions":{"total":2,"covered":2,"skipped":0,"pct":100},"statements":{"total":14,"covered":13,"skipped":0,"pct":92.85},"branches":{"total":6,"covered":5,"skipped":0,"pct":83.33}}
,"C:\\Users\\user\\Desktop\\Quikit-Revised\\Quikit-28-05\\QuikIT\\apps\\quikinfra\\app\\api\\store\\stock-reconciliation\\[id]\\post\\route.ts": {"lines":{"total":26,"covered":19,"skipped":0,"pct":73.07},"functions":{"total":2,"covered":2,"skipped":0,"pct":100},"statements":{"total":29,"covered":21,"skipped":0,"pct":72.41},"branches":{"total":22,"covered":9,"skipped":0,"pct":40.9}}
,"C:\\Users\\user\\Desktop\\Quikit-Revised\\Quikit-28-05\\QuikIT\\apps\\quikinfra\\app\\api\\store\\stock-register\\route.ts": {"lines":{"total":108,"covered":48,"skipped":0,"pct":44.44},"functions":{"total":12,"covered":1,"skipped":0,"pct":8.33},"statements":{"total":121,"covered":48,"skipped":0,"pct":39.66},"branches":{"total":148,"covered":22,"skipped":0,"pct":14.86}}
,"C:\\Users\\user\\Desktop\\Quikit-Revised\\Quikit-28-05\\QuikIT\\apps\\quikinfra\\app\\api\\store\\stock-transfer\\route.ts": {"lines":{"total":16,"covered":16,"skipped":0,"pct":100},"functions":{"total":3,"covered":3,"skipped":0,"pct":100},"statements":{"total":19,"covered":19,"skipped":0,"pct":100},"branches":{"total":8,"covered":6,"skipped":0,"pct":75}}
,"C:\\Users\\user\\Desktop\\Quikit-Revised\\Quikit-28-05\\QuikIT\\apps\\quikinfra\\app\\api\\store\\stock-transfer\\[id]\\route.ts": {"lines":{"total":11,"covered":11,"skipped":0,"pct":100},"functions":{"total":2,"covered":2,"skipped":0,"pct":100},"statements":{"total":14,"covered":14,"skipped":0,"pct":100},"branches":{"total":6,"covered":6,"skipped":0,"pct":100}}
,"C:\\Users\\user\\Desktop\\Quikit-Revised\\Quikit-28-05\\QuikIT\\apps\\quikinfra\\app\\api\\store\\stock-transfer\\[id]\\post\\route.ts": {"lines":{"total":29,"covered":26,"skipped":0,"pct":89.65},"functions":{"total":2,"covered":2,"skipped":0,"pct":100},"statements":{"total":31,"covered":28,"skipped":0,"pct":90.32},"branches":{"total":20,"covered":15,"skipped":0,"pct":75}}
,"C:\\Users\\user\\Desktop\\Quikit-Revised\\Quikit-28-05\\QuikIT\\apps\\quikinfra\\app\\api\\store\\transfer\\[id]\\approve\\route.ts": {"lines":{"total":0,"covered":0,"skipped":0,"pct":100},"functions":{"total":0,"covered":0,"skipped":0,"pct":100},"statements":{"total":0,"covered":0,"skipped":0,"pct":100},"branches":{"total":0,"covered":0,"skipped":0,"pct":100}}
,"C:\\Users\\user\\Desktop\\Quikit-Revised\\Quikit-28-05\\QuikIT\\apps\\quikinfra\\app\\api\\store\\transfers\\route.ts": {"lines":{"total":52,"covered":44,"skipped":0,"pct":84.61},"functions":{"total":8,"covered":6,"skipped":0,"pct":75},"statements":{"total":55,"covered":46,"skipped":0,"pct":83.63},"branches":{"total":97,"covered":73,"skipped":0,"pct":75.25}}
,"C:\\Users\\user\\Desktop\\Quikit-Revised\\Quikit-28-05\\QuikIT\\apps\\quikinfra\\app\\api\\store\\transfers\\[id]\\route.ts": {"lines":{"total":58,"covered":41,"skipped":0,"pct":70.68},"functions":{"total":9,"covered":4,"skipped":0,"pct":44.44},"statements":{"total":63,"covered":44,"skipped":0,"pct":69.84},"branches":{"total":82,"covered":44,"skipped":0,"pct":53.65}}
,"C:\\Users\\user\\Desktop\\Quikit-Revised\\Quikit-28-05\\QuikIT\\apps\\quikinfra\\app\\api\\store\\transfers\\[id]\\approve\\route.ts": {"lines":{"total":27,"covered":23,"skipped":0,"pct":85.18},"functions":{"total":2,"covered":2,"skipped":0,"pct":100},"statements":{"total":29,"covered":24,"skipped":0,"pct":82.75},"branches":{"total":24,"covered":16,"skipped":0,"pct":66.66}}
,"C:\\Users\\user\\Desktop\\Quikit-Revised\\Quikit-28-05\\QuikIT\\apps\\quikinfra\\app\\api\\store\\transfers\\[id]\\dispatch\\route.ts": {"lines":{"total":17,"covered":16,"skipped":0,"pct":94.11},"functions":{"total":1,"covered":1,"skipped":0,"pct":100},"statements":{"total":18,"covered":17,"skipped":0,"pct":94.44},"branches":{"total":12,"covered":9,"skipped":0,"pct":75}}
,"C:\\Users\\user\\Desktop\\Quikit-Revised\\Quikit-28-05\\QuikIT\\apps\\quikinfra\\app\\api\\store\\transfers\\[id]\\receive\\route.ts": {"lines":{"total":24,"covered":23,"skipped":0,"pct":95.83},"functions":{"total":2,"covered":2,"skipped":0,"pct":100},"statements":{"total":25,"covered":24,"skipped":0,"pct":96},"branches":{"total":23,"covered":15,"skipped":0,"pct":65.21}}
,"C:\\Users\\user\\Desktop\\Quikit-Revised\\Quikit-28-05\\QuikIT\\apps\\quikinfra\\app\\api\\store\\transfers\\[id]\\submit\\route.ts": {"lines":{"total":21,"covered":19,"skipped":0,"pct":90.47},"functions":{"total":1,"covered":1,"skipped":0,"pct":100},"statements":{"total":23,"covered":20,"skipped":0,"pct":86.95},"branches":{"total":23,"covered":14,"skipped":0,"pct":60.86}}
,"C:\\Users\\user\\Desktop\\Quikit-Revised\\Quikit-28-05\\QuikIT\\apps\\quikinfra\\app\\api\\uploads\\route.ts": {"lines":{"total":58,"covered":41,"skipped":0,"pct":70.68},"functions":{"total":4,"covered":3,"skipped":0,"pct":75},"statements":{"total":60,"covered":41,"skipped":0,"pct":68.33},"branches":{"total":48,"covered":20,"skipped":0,"pct":41.66}}
,"C:\\Users\\user\\Desktop\\Quikit-Revised\\Quikit-28-05\\QuikIT\\apps\\quikinfra\\lib\\approvals.ts": {"lines":{"total":10,"covered":0,"skipped":0,"pct":0},"functions":{"total":3,"covered":0,"skipped":0,"pct":0},"statements":{"total":13,"covered":0,"skipped":0,"pct":0},"branches":{"total":8,"covered":0,"skipped":0,"pct":0}}
,"C:\\Users\\user\\Desktop\\Quikit-Revised\\Quikit-28-05\\QuikIT\\apps\\quikinfra\\lib\\audit.ts": {"lines":{"total":4,"covered":0,"skipped":0,"pct":0},"functions":{"total":1,"covered":0,"skipped":0,"pct":0},"statements":{"total":4,"covered":0,"skipped":0,"pct":0},"branches":{"total":10,"covered":0,"skipped":0,"pct":0}}
,"C:\\Users\\user\\Desktop\\Quikit-Revised\\Quikit-28-05\\QuikIT\\apps\\quikinfra\\lib\\auth.ts": {"lines":{"total":6,"covered":0,"skipped":0,"pct":0},"functions":{"total":0,"covered":0,"skipped":0,"pct":100},"statements":{"total":6,"covered":0,"skipped":0,"pct":0},"branches":{"total":5,"covered":0,"skipped":0,"pct":0}}
,"C:\\Users\\user\\Desktop\\Quikit-Revised\\Quikit-28-05\\QuikIT\\apps\\quikinfra\\lib\\csv.ts": {"lines":{"total":18,"covered":18,"skipped":0,"pct":100},"functions":{"total":5,"covered":4,"skipped":0,"pct":80},"statements":{"total":23,"covered":22,"skipped":0,"pct":95.65},"branches":{"total":6,"covered":6,"skipped":0,"pct":100}}
,"C:\\Users\\user\\Desktop\\Quikit-Revised\\Quikit-28-05\\QuikIT\\apps\\quikinfra\\lib\\db.ts": {"lines":{"total":0,"covered":0,"skipped":0,"pct":100},"functions":{"total":0,"covered":0,"skipped":0,"pct":100},"statements":{"total":0,"covered":0,"skipped":0,"pct":100},"branches":{"total":0,"covered":0,"skipped":0,"pct":100}}
,"C:\\Users\\user\\Desktop\\Quikit-Revised\\Quikit-28-05\\QuikIT\\apps\\quikinfra\\lib\\error-tracking.ts": {"lines":{"total":3,"covered":0,"skipped":0,"pct":0},"functions":{"total":1,"covered":0,"skipped":0,"pct":0},"statements":{"total":3,"covered":0,"skipped":0,"pct":0},"branches":{"total":5,"covered":0,"skipped":0,"pct":0}}
,"C:\\Users\\user\\Desktop\\Quikit-Revised\\Quikit-28-05\\QuikIT\\apps\\quikinfra\\lib\\notify.ts": {"lines":{"total":15,"covered":0,"skipped":0,"pct":0},"functions":{"total":4,"covered":0,"skipped":0,"pct":0},"statements":{"total":15,"covered":0,"skipped":0,"pct":0},"branches":{"total":12,"covered":0,"skipped":0,"pct":0}}
,"C:\\Users\\user\\Desktop\\Quikit-Revised\\Quikit-28-05\\QuikIT\\apps\\quikinfra\\lib\\permissions.ts": {"lines":{"total":10,"covered":4,"skipped":0,"pct":40},"functions":{"total":6,"covered":0,"skipped":0,"pct":0},"statements":{"total":10,"covered":4,"skipped":0,"pct":40},"branches":{"total":10,"covered":0,"skipped":0,"pct":0}}
[...]
,"C:\\Users\\user\\Desktop\\Quikit-Revised\\Quikit-28-05\\QuikIT\\apps\\quikinfra\\src\\lib\\purchase\\po-email.ts": {"lines":{"total":122,"covered":54,"skipped":0,"pct":44.26},"functions":{"total":15,"covered":8,"skipped":0,"pct":53.33},"statements":{"total":132,"covered":56,"skipped":0,"pct":42.42},"branches":{"total":299,"covered":70,"skipped":0,"pct":23.41}}
,"C:\\Users\\user\\Desktop\\Quikit-Revised\\Quikit-28-05\\QuikIT\\apps\\quikinfra\\src\\lib\\purchase\\po-pdf.ts": {"lines":{"total":210,"covered":10,"skipped":0,"pct":4.76},"functions":{"total":27,"covered":0,"skipped":0,"pct":0},"statements":{"total":231,"covered":10,"skipped":0,"pct":4.32},"branches":{"total":90,"covered":0,"skipped":0,"pct":0}}
,"C:\\Users\\user\\Desktop\\Quikit-Revised\\Quikit-28-05\\QuikIT\\apps\\quikinfra\\src\\lib\\purchase\\po-repository.ts": {"lines":{"total":226,"covered":144,"skipped":0,"pct":63.71},"functions":{"total":34,"covered":25,"skipped":0,"pct":73.52},"statements":{"total":264,"covered":158,"skipped":0,"pct":59.84},"branches":{"total":374,"covered":225,"skipped":0,"pct":60.16}}
,"C:\\Users\\user\\Desktop\\Quikit-Revised\\Quikit-28-05\\QuikIT\\apps\\quikinfra\\src\\lib\\purchase\\pr-repository.ts": {"lines":{"total":126,"covered":69,"skipped":0,"pct":54.76},"functions":{"total":33,"covered":18,"skipped":0,"pct":54.54},"statements":{"total":154,"covered":77,"skipped":0,"pct":50},"branches":{"total":245,"covered":107,"skipped":0,"pct":43.67}}
,"C:\\Users\\user\\Desktop\\Quikit-Revised\\Quikit-28-05\\QuikIT\\apps\\quikinfra\\src\\lib\\purchase\\rfq-email.ts": {"lines":{"total":103,"covered":22,"skipped":0,"pct":21.35},"functions":{"total":23,"covered":4,"skipped":0,"pct":17.39},"statements":{"total":118,"covered":23,"skipped":0,"pct":19.49},"branches":{"total":209,"covered":13,"skipped":0,"pct":6.22}}
,"C:\\Users\\user\\Desktop\\Quikit-Revised\\Quikit-28-05\\QuikIT\\apps\\quikinfra\\src\\lib\\purchase\\rfq-pdf.ts": {"lines":{"total":157,"covered":9,"skipped":0,"pct":5.73},"functions":{"total":18,"covered":0,"skipped":0,"pct":0},"statements":{"total":171,"covered":9,"skipped":0,"pct":5.26},"branches":{"total":69,"covered":0,"skipped":0,"pct":0}}
,"C:\\Users\\user\\Desktop\\Quikit-Revised\\Quikit-28-05\\QuikIT\\apps\\quikinfra\\src\\lib\\purchase\\rfq-repository.ts": {"lines":{"total":144,"covered":72,"skipped":0,"pct":50},"functions":{"total":32,"covered":15,"skipped":0,"pct":46.87},"statements":{"total":173,"covered":79,"skipped":0,"pct":45.66},"branches":{"total":261,"covered":99,"skipped":0,"pct":37.93}}
,"C:\\Users\\user\\Desktop\\Quikit-Revised\\Quikit-28-05\\QuikIT\\apps\\quikinfra\\src\\lib\\purchase\\stock-service.ts": {"lines":{"total":14,"covered":0,"skipped":0,"pct":0},"functions":{"total":4,"covered":0,"skipped":0,"pct":0},"statements":{"total":16,"covered":0,"skipped":0,"pct":0},"branches":{"total":7,"covered":0,"skipped":0,"pct":0}}
,"C:\\Users\\user\\Desktop\\Quikit-Revised\\Quikit-28-05\\QuikIT\\apps\\quikinfra\\src\\lib\\quality\\checklists-repository.ts": {"lines":{"total":9,"covered":9,"skipped":0,"pct":100},"functions":{"total":5,"covered":5,"skipped":0,"pct":100},"statements":{"total":9,"covered":9,"skipped":0,"pct":100},"branches":{"total":30,"covered":21,"skipped":0,"pct":70}}
,"C:\\Users\\user\\Desktop\\Quikit-Revised\\Quikit-28-05\\QuikIT\\apps\\quikinfra\\src\\lib\\quality\\inspections-repository.ts": {"lines":{"total":37,"covered":31,"skipped":0,"pct":83.78},"functions":{"total":10,"covered":9,"skipped":0,"pct":90},"statements":{"total":45,"covered":33,"skipped":0,"pct":73.33},"branches":{"total":78,"covered":53,"skipped":0,"pct":67.94}}
,"C:\\Users\\user\\Desktop\\Quikit-Revised\\Quikit-28-05\\QuikIT\\apps\\quikinfra\\src\\lib\\rab\\compute.ts": {"lines":{"total":24,"covered":24,"skipped":0,"pct":100},"functions":{"total":4,"covered":4,"skipped":0,"pct":100},"statements":{"total":25,"covered":25,"skipped":0,"pct":100},"branches":{"total":14,"covered":14,"skipped":0,"pct":100}}
,"C:\\Users\\user\\Desktop\\Quikit-Revised\\Quikit-28-05\\QuikIT\\apps\\quikinfra\\src\\lib\\rab\\from-dpr.ts": {"lines":{"total":45,"covered":45,"skipped":0,"pct":100},"functions":{"total":5,"covered":5,"skipped":0,"pct":100},"statements":{"total":55,"covered":53,"skipped":0,"pct":96.36},"branches":{"total":44,"covered":28,"skipped":0,"pct":63.63}}
,"C:\\Users\\user\\Desktop\\Quikit-Revised\\Quikit-28-05\\QuikIT\\apps\\quikinfra\\src\\lib\\rbac\\applyModuleRevokes.ts": {"lines":{"total":30,"covered":30,"skipped":0,"pct":100},"functions":{"total":5,"covered":5,"skipped":0,"pct":100},"statements":{"total":33,"covered":31,"skipped":0,"pct":93.93},"branches":{"total":10,"covered":7,"skipped":0,"pct":70}}
,"C:\\Users\\user\\Desktop\\Quikit-Revised\\Quikit-28-05\\QuikIT\\apps\\quikinfra\\src\\lib\\rbac\\applyProjectAccess.ts": {"lines":{"total":21,"covered":21,"skipped":0,"pct":100},"functions":{"total":9,"covered":9,"skipped":0,"pct":100},"statements":{"total":24,"covered":24,"skipped":0,"pct":100},"branches":{"total":6,"covered":6,"skipped":0,"pct":100}}
,"C:\\Users\\user\\Desktop\\Quikit-Revised\\Quikit-28-05\\QuikIT\\apps\\quikinfra\\src\\lib\\rbac\\index.ts": {"lines":{"total":0,"covered":0,"skipped":0,"pct":100},"functions":{"total":0,"covered":0,"skipped":0,"pct":100},"statements":{"total":0,"covered":0,"skipped":0,"pct":100},"branches":{"total":0,"covered":0,"skipped":0,"pct":100}}
,"C:\\Users\\user\\Desktop\\Quikit-Revised\\Quikit-28-05\\QuikIT\\apps\\quikinfra\\src\\lib\\rbac\\legacyKeyMap.ts": {"lines":{"total":6,"covered":5,"skipped":0,"pct":83.33},"functions":{"total":2,"covered":2,"skipped":0,"pct":100},"statements":{"total":6,"covered":5,"skipped":0,"pct":83.33},"branches":{"total":4,"covered":3,"skipped":0,"pct":75}}
,"C:\\Users\\user\\Desktop\\Quikit-Revised\\Quikit-28-05\\QuikIT\\apps\\quikinfra\\src\\lib\\rbac\\matrixV2Bridge.ts": {"lines":{"total":38,"covered":38,"skipped":0,"pct":100},"functions":{"total":4,"covered":4,"skipped":0,"pct":100},"statements":{"total":45,"covered":43,"skipped":0,"pct":95.55},"branches":{"total":16,"covered":13,"skipped":0,"pct":81.25}}
,"C:\\Users\\user\\Desktop\\Quikit-Revised\\Quikit-28-05\\QuikIT\\apps\\quikinfra\\src\\lib\\rbac\\menu-catalog.ts": {"lines":{"total":73,"covered":73,"skipped":0,"pct":100},"functions":{"total":15,"covered":15,"skipped":0,"pct":100},"statements":{"total":87,"covered":86,"skipped":0,"pct":98.85},"branches":{"total":72,"covered":65,"skipped":0,"pct":90.27}}
,"C:\\Users\\user\\Desktop\\Quikit-Revised\\Quikit-28-05\\QuikIT\\apps\\quikinfra\\src\\lib\\rbac\\permissions.ts": {"lines":{"total":22,"covered":22,"skipped":0,"pct":100},"functions":{"total":3,"covered":3,"skipped":0,"pct":100},"statements":{"total":23,"covered":23,"skipped":0,"pct":100},"branches":{"total":23,"covered":23,"skipped":0,"pct":100}}
,"C:\\Users\\user\\Desktop\\Quikit-Revised\\Quikit-28-05\\QuikIT\\apps\\quikinfra\\src\\lib\\rbac\\permissionsRegistry.ts": {"lines":{"total":56,"covered":56,"skipped":0,"pct":100},"functions":{"total":10,"covered":10,"skipped":0,"pct":100},"statements":{"total":68,"covered":67,"skipped":0,"pct":98.52},"branches":{"total":30,"covered":29,"skipped":0,"pct":96.66}}
,"C:\\Users\\user\\Desktop\\Quikit-Revised\\Quikit-28-05\\QuikIT\\apps\\quikinfra\\src\\lib\\rbac\\preventAdminLockout.ts": {"lines":{"total":27,"covered":27,"skipped":0,"pct":100},"functions":{"total":4,"covered":4,"skipped":0,"pct":100},"statements":{"total":32,"covered":31,"skipped":0,"pct":96.87},"branches":{"total":24,"covered":23,"skipped":0,"pct":95.83}}
,"C:\\Users\\user\\Desktop\\Quikit-Revised\\Quikit-28-05\\QuikIT\\apps\\quikinfra\\src\\lib\\rbac\\requireAdmin.ts": {"lines":{"total":5,"covered":0,"skipped":0,"pct":0},"functions":{"total":1,"covered":0,"skipped":0,"pct":0},"statements":{"total":6,"covered":0,"skipped":0,"pct":0},"branches":{"total":2,"covered":0,"skipped":0,"pct":0}}
,"C:\\Users\\user\\Desktop\\Quikit-Revised\\Quikit-28-05\\QuikIT\\apps\\quikinfra\\src\\lib\\rbac\\roles.ts": {"lines":{"total":3,"covered":3,"skipped":0,"pct":100},"functions":{"total":0,"covered":0,"skipped":0,"pct":100},"statements":{"total":3,"covered":3,"skipped":0,"pct":100},"branches":{"total":0,"covered":0,"skipped":0,"pct":100}}
,"C:\\Users\\user\\Desktop\\Quikit-Revised\\Quikit-28-05\\QuikIT\\apps\\quikinfra\\src\\lib\\rbac\\seedDefaultRoles.ts": {"lines":{"total":56,"covered":52,"skipped":0,"pct":92.85},"functions":{"total":11,"covered":11,"skipped":0,"pct":100},"statements":{"total":68,"covered":62,"skipped":0,"pct":91.17},"branches":{"total":34,"covered":28,"skipped":0,"pct":82.35}}
,"C:\\Users\\user\\Desktop\\Quikit-Revised\\Quikit-28-05\\QuikIT\\apps\\quikinfra\\src\\lib\\rbac\\user-types.ts": {"lines":{"total":21,"covered":21,"skipped":0,"pct":100},"functions":{"total":9,"covered":9,"skipped":0,"pct":100},"statements":{"total":26,"covered":26,"skipped":0,"pct":100},"branches":{"total":23,"covered":20,"skipped":0,"pct":86.95}}
,"C:\\Users\\user\\Desktop\\Quikit-Revised\\Quikit-28-05\\QuikIT\\apps\\quikinfra\\src\\lib\\rbac\\userCan.ts": {"lines":{"total":33,"covered":17,"skipped":0,"pct":51.51},"functions":{"total":10,"covered":3,"skipped":0,"pct":30},"statements":{"total":40,"covered":22,"skipped":0,"pct":55},"branches":{"total":25,"covered":13,"skipped":0,"pct":52}}
,"C:\\Users\\user\\Desktop\\Quikit-Revised\\Quikit-28-05\\QuikIT\\apps\\quikinfra\\src\\lib\\react-query\\fetch-json.ts": {"lines":{"total":11,"covered":11,"skipped":0,"pct":100},"functions":{"total":4,"covered":4,"skipped":0,"pct":100},"statements":{"total":13,"covered":13,"skipped":0,"pct":100},"branches":{"total":10,"covered":9,"skipped":0,"pct":90}}
,"C:\\Users\\user\\Desktop\\Quikit-Revised\\Quikit-28-05\\QuikIT\\apps\\quikinfra\\src\\lib\\react-query\\list-cache.ts": {"lines":{"total":19,"covered":18,"skipped":0,"pct":94.73},"functions":{"total":6,"covered":6,"skipped":0,"pct":100},"statements":{"total":24,"covered":22,"skipped":0,"pct":91.66},"branches":{"total":21,"covered":18,"skipped":0,"pct":85.71}}
,"C:\\Users\\user\\Desktop\\Quikit-Revised\\Quikit-28-05\\QuikIT\\apps\\quikinfra\\src\\lib\\stock\\index.ts": {"lines":{"total":0,"covered":0,"skipped":0,"pct":100},"functions":{"total":0,"covered":0,"skipped":0,"pct":100},"statements":{"total":0,"covered":0,"skipped":0,"pct":100},"branches":{"total":0,"covered":0,"skipped":0,"pct":100}}
,"C:\\Users\\user\\Desktop\\Quikit-Revised\\Quikit-28-05\\QuikIT\\apps\\quikinfra\\src\\lib\\stock\\ledger-service.ts": {"lines":{"total":46,"covered":46,"skipped":0,"pct":100},"functions":{"total":8,"covered":8,"skipped":0,"pct":100},"statements":{"total":50,"covered":48,"skipped":0,"pct":96},"branches":{"total":49,"covered":46,"skipped":0,"pct":93.87}}
,"C:\\Users\\user\\Desktop\\Quikit-Revised\\Quikit-28-05\\QuikIT\\apps\\quikinfra\\src\\lib\\storage\\driver.ts": {"lines":{"total":0,"covered":0,"skipped":0,"pct":100},"functions":{"total":0,"covered":0,"skipped":0,"pct":100},"statements":{"total":0,"covered":0,"skipped":0,"pct":100},"branches":{"total":0,"covered":0,"skipped":0,"pct":100}}
,"C:\\Users\\user\\Desktop\\Quikit-Revised\\Quikit-28-05\\QuikIT\\apps\\quikinfra\\src\\lib\\storage\\file-service.ts": {"lines":{"total":60,"covered":58,"skipped":0,"pct":96.66},"functions":{"total":12,"covered":10,"skipped":0,"pct":83.33},"statements":{"total":67,"covered":64,"skipped":0,"pct":95.52},"branches":{"total":42,"covered":35,"skipped":0,"pct":83.33}}
,"C:\\Users\\user\\Desktop\\Quikit-Revised\\Quikit-28-05\\QuikIT\\apps\\quikinfra\\src\\lib\\storage\\index.ts": {"lines":{"total":23,"covered":1,"skipped":0,"pct":4.34},"functions":{"total":2,"covered":0,"skipped":0,"pct":0},"statements":{"total":24,"covered":1,"skipped":0,"pct":4.16},"branches":{"total":44,"covered":0,"skipped":0,"pct":0}}
,"C:\\Users\\user\\Desktop\\Quikit-Revised\\Quikit-28-05\\QuikIT\\apps\\quikinfra\\src\\lib\\storage\\local-driver.ts": {"lines":{"total":48,"covered":46,"skipped":0,"pct":95.83},"functions":{"total":12,"covered":11,"skipped":0,"pct":91.66},"statements":{"total":57,"covered":53,"skipped":0,"pct":92.98},"branches":{"total":29,"covered":24,"skipped":0,"pct":82.75}}
,"C:\\Users\\user\\Desktop\\Quikit-Revised\\Quikit-28-05\\QuikIT\\apps\\quikinfra\\src\\lib\\storage\\s3-driver.ts": {"lines":{"total":40,"covered":34,"skipped":0,"pct":85},"functions":{"total":7,"covered":7,"skipped":0,"pct":100},"statements":{"total":41,"covered":35,"skipped":0,"pct":85.36},"branches":{"total":16,"covered":11,"skipped":0,"pct":68.75}}
,"C:\\Users\\user\\Desktop\\Quikit-Revised\\Quikit-28-05\\QuikIT\\apps\\quikinfra\\src\\lib\\storage\\validation.ts": {"lines":{"total":20,"covered":20,"skipped":0,"pct":100},"functions":{"total":1,"covered":1,"skipped":0,"pct":100},"statements":{"total":20,"covered":20,"skipped":0,"pct":100},"branches":{"total":18,"covered":18,"skipped":0,"pct":100}}
,"C:\\Users\\user\\Desktop\\Quikit-Revised\\Quikit-28-05\\QuikIT\\apps\\quikinfra\\src\\lib\\store\\asset-mgmt-store.ts": {"lines":{"total":8,"covered":8,"skipped":0,"pct":100},"functions":{"total":4,"covered":4,"skipped":0,"pct":100},"statements":{"total":8,"covered":8,"skipped":0,"pct":100},"branches":{"total":2,"covered":1,"skipped":0,"pct":50}}
,"C:\\Users\\user\\Desktop\\Quikit-Revised\\Quikit-28-05\\QuikIT\\apps\\quikinfra\\src\\lib\\store\\gate-pass-repository.ts": {"lines":{"total":61,"covered":46,"skipped":0,"pct":75.4},"functions":{"total":17,"covered":12,"skipped":0,"pct":70.58},"statements":{"total":69,"covered":47,"skipped":0,"pct":68.11},"branches":{"total":292,"covered":229,"skipped":0,"pct":78.42}}
,"C:\\Users\\user\\Desktop\\Quikit-Revised\\Quikit-28-05\\QuikIT\\apps\\quikinfra\\src\\lib\\store\\good-return-repository.ts": {"lines":{"total":66,"covered":47,"skipped":0,"pct":71.21},"functions":{"total":19,"covered":13,"skipped":0,"pct":68.42},"statements":{"total":76,"covered":49,"skipped":0,"pct":64.47},"branches":{"total":222,"covered":163,"skipped":0,"pct":73.42}}
,"C:\\Users\\user\\Desktop\\Quikit-Revised\\Quikit-28-05\\QuikIT\\apps\\quikinfra\\src\\lib\\store\\material-issue-repository.ts": {"lines":{"total":59,"covered":46,"skipped":0,"pct":77.96},"functions":{"total":11,"covered":10,"skipped":0,"pct":90.9},"statements":{"total":64,"covered":46,"skipped":0,"pct":71.87},"branches":{"total":302,"covered":243,"skipped":0,"pct":80.46}}
,"C:\\Users\\user\\Desktop\\Quikit-Revised\\Quikit-28-05\\QuikIT\\apps\\quikinfra\\src\\lib\\store\\stock-transfer-repository.ts": {"lines":{"total":82,"covered":64,"skipped":0,"pct":78.04},"functions":{"total":16,"covered":15,"skipped":0,"pct":93.75},"statements":{"total":92,"covered":67,"skipped":0,"pct":72.82},"branches":{"total":271,"covered":202,"skipped":0,"pct":74.53}}
,"C:\\Users\\user\\Desktop\\Quikit-Revised\\Quikit-28-05\\QuikIT\\apps\\quikinfra\\src\\lib\\users\\central-repository.ts": {"lines":{"total":47,"covered":41,"skipped":0,"pct":87.23},"functions":{"total":10,"covered":8,"skipped":0,"pct":80},"statements":{"total":52,"covered":45,"skipped":0,"pct":86.53},"branches":{"total":96,"covered":61,"skipped":0,"pct":63.54}}
,"C:\\Users\\user\\Desktop\\Quikit-Revised\\Quikit-28-05\\QuikIT\\apps\\quikinfra\\src\\lib\\users\\lookup.ts": {"lines":{"total":20,"covered":20,"skipped":0,"pct":100},"functions":{"total":6,"covered":6,"skipped":0,"pct":100},"statements":{"total":24,"covered":24,"skipped":0,"pct":100},"branches":{"total":12,"covered":11,"skipped":0,"pct":91.66}}
,"C:\\Users\\user\\Desktop\\Quikit-Revised\\Quikit-28-05\\QuikIT\\apps\\quikinfra\\src\\lib\\users\\resolve-names.ts": {"lines":{"total":8,"covered":8,"skipped":0,"pct":100},"functions":{"total":2,"covered":2,"skipped":0,"pct":100},"statements":{"total":9,"covered":9,"skipped":0,"pct":100},"branches":{"total":7,"covered":7,"skipped":0,"pct":100}}
,"C:\\Users\\user\\Desktop\\Quikit-Revised\\Quikit-28-05\\QuikIT\\apps\\quikinfra\\src\\lib\\wbs\\wbs-repository.ts": {"lines":{"total":169,"covered":86,"skipped":0,"pct":50.88},"functions":{"total":27,"covered":15,"skipped":0,"pct":55.55},"statements":{"total":190,"covered":94,"skipped":0,"pct":49.47},"branches":{"total":151,"covered":56,"skipped":0,"pct":37.08}}
,"C:\\Users\\user\\Desktop\\Quikit-Revised\\Quikit-28-05\\QuikIT\\apps\\quikinfra\\src\\lib\\weather\\dpr-weather.ts": {"lines":{"total":82,"covered":82,"skipped":0,"pct":100},"functions":{"total":12,"covered":12,"skipped":0,"pct":100},"statements":{"total":102,"covered":99,"skipped":0,"pct":97.05},"branches":{"total":109,"covered":99,"skipped":0,"pct":90.82}}
,"C:\\Users\\user\\Desktop\\Quikit-Revised\\Quikit-28-05\\QuikIT\\apps\\quikinfra\\src\\lib\\workflow\\approval-history-repository.ts": {"lines":{"total":7,"covered":7,"skipped":0,"pct":100},"functions":{"total":4,"covered":4,"skipped":0,"pct":100},"statements":{"total":10,"covered":10,"skipped":0,"pct":100},"branches":{"total":8,"covered":7,"skipped":0,"pct":87.5}}
,"C:\\Users\\user\\Desktop\\Quikit-Revised\\Quikit-28-05\\QuikIT\\apps\\quikinfra\\src\\lib\\workflow\\approval-instances-repository.ts": {"lines":{"total":6,"covered":0,"skipped":0,"pct":0},"functions":{"total":4,"covered":0,"skipped":0,"pct":0},"statements":{"total":6,"covered":0,"skipped":0,"pct":0},"branches":{"total":10,"covered":0,"skipped":0,"pct":0}}
,"C:\\Users\\user\\Desktop\\Quikit-Revised\\Quikit-28-05\\QuikIT\\apps\\quikinfra\\src\\lib\\workflow\\audit.ts": {"lines":{"total":8,"covered":8,"skipped":0,"pct":100},"functions":{"total":3,"covered":3,"skipped":0,"pct":100},"statements":{"total":8,"covered":8,"skipped":0,"pct":100},"branches":{"total":11,"covered":11,"skipped":0,"pct":100}}
,"C:\\Users\\user\\Desktop\\Quikit-Revised\\Quikit-28-05\\QuikIT\\apps\\quikinfra\\src\\lib\\workflow\\handle-approval.ts": {"lines":{"total":76,"covered":72,"skipped":0,"pct":94.73},"functions":{"total":5,"covered":5,"skipped":0,"pct":100},"statements":{"total":80,"covered":75,"skipped":0,"pct":93.75},"branches":{"total":72,"covered":61,"skipped":0,"pct":84.72}}
,"C:\\Users\\user\\Desktop\\Quikit-Revised\\Quikit-28-05\\QuikIT\\apps\\quikinfra\\src\\lib\\workflow\\idempotency.ts": {"lines":{"total":28,"covered":26,"skipped":0,"pct":92.85},"functions":{"total":8,"covered":6,"skipped":0,"pct":75},"statements":{"total":29,"covered":27,"skipped":0,"pct":93.1},"branches":{"total":18,"covered":14,"skipped":0,"pct":77.77}}
,"C:\\Users\\user\\Desktop\\Quikit-Revised\\Quikit-28-05\\QuikIT\\apps\\quikinfra\\src\\lib\\workflow\\index.ts": {"lines":{"total":0,"covered":0,"skipped":0,"pct":100},"functions":{"total":0,"covered":0,"skipped":0,"pct":100},"statements":{"total":0,"covered":0,"skipped":0,"pct":100},"branches":{"total":0,"covered":0,"skipped":0,"pct":100}}
,"C:\\Users\\user\\Desktop\\Quikit-Revised\\Quikit-28-05\\QuikIT\\apps\\quikinfra\\src\\lib\\workflow\\rate-limit.ts": {"lines":{"total":41,"covered":39,"skipped":0,"pct":95.12},"functions":{"total":4,"covered":3,"skipped":0,"pct":75},"statements":{"total":47,"covered":43,"skipped":0,"pct":91.48},"branches":{"total":24,"covered":20,"skipped":0,"pct":83.33}}
,"C:\\Users\\user\\Desktop\\Quikit-Revised\\Quikit-28-05\\QuikIT\\apps\\quikinfra\\src\\lib\\workflow\\transitions.ts": {"lines":{"total":17,"covered":17,"skipped":0,"pct":100},"functions":{"total":3,"covered":3,"skipped":0,"pct":100},"statements":{"total":20,"covered":20,"skipped":0,"pct":100},"branches":{"total":10,"covered":10,"skipped":0,"pct":100}}
,"C:\\Users\\user\\Desktop\\Quikit-Revised\\Quikit-28-05\\QuikIT\\apps\\quikinfra\\src\\lib\\workflows\\repository.ts": {"lines":{"total":39,"covered":37,"skipped":0,"pct":94.87},"functions":{"total":12,"covered":9,"skipped":0,"pct":75},"statements":{"total":47,"covered":44,"skipped":0,"pct":93.61},"branches":{"total":114,"covered":76,"skipped":0,"pct":66.66}}
}
